<?xml version="1.0" encoding="UTF-8"?>
<coverage generated="1478915192813" clover="3.2.0">
  <project timestamp="1478915192813" name="All files">
    <metrics statements="325" coveredstatements="0" conditionals="703" coveredconditionals="0" methods="192" coveredmethods="0" elements="1220" coveredelements="0" complexity="0" loc="325" ncloc="325" packages="22" files="26" classes="26">
      <package name="red-smash">
        <metrics statements="2" coveredstatements="0" conditionals="0" coveredconditionals="0" methods="0" coveredmethods="0"/>
        <file name="nightwatch.conf.js" path="/Users/scottclayton/Sites/red-smash/nightwatch.conf.js">
          <metrics statements="2" coveredstatements="0" conditionals="0" coveredconditionals="0" methods="0" coveredmethods="0"/>
          <line num="1" count="0" type="stmt"/>
          <line num="2" count="0" type="stmt"/>
        </file>
      </package>
      <package name="red-smash.client">
        <metrics statements="9" coveredstatements="0" conditionals="4" coveredconditionals="0" methods="2" coveredmethods="0"/>
        <file name="main.js" path="/Users/scottclayton/Sites/red-smash/client/main.js">
          <metrics statements="9" coveredstatements="0" conditionals="4" coveredconditionals="0" methods="2" coveredmethods="0"/>
          <line num="1" count="0" type="stmt"/>
          <line num="2" count="0" type="stmt"/>
          <line num="3" count="0" type="stmt"/>
          <line num="4" count="0" type="stmt"/>
          <line num="5" count="0" type="stmt"/>
          <line num="6" count="0" type="stmt"/>
          <line num="7" count="0" type="stmt"/>
          <line num="9" count="0" type="stmt"/>
          <line num="10" count="0" type="stmt"/>
        </file>
      </package>
      <package name="red-smash.e2e">
        <metrics statements="6" coveredstatements="0" conditionals="0" coveredconditionals="0" methods="4" coveredmethods="0"/>
        <file name="demo.js" path="/Users/scottclayton/Sites/red-smash/e2e/demo.js">
          <metrics statements="6" coveredstatements="0" conditionals="0" coveredconditionals="0" methods="4" coveredmethods="0"/>
          <line num="1" count="0" type="stmt"/>
          <line num="2" count="0" type="stmt"/>
          <line num="4" count="0" type="stmt"/>
          <line num="11" count="0" type="stmt"/>
          <line num="18" count="0" type="stmt"/>
          <line num="22" count="0" type="stmt"/>
        </file>
        <file name="main.js" path="/Users/scottclayton/Sites/red-smash/e2e/main.js">
          <metrics statements="0" coveredstatements="0" conditionals="0" coveredconditionals="0" methods="0" coveredmethods="0"/>
        </file>
      </package>
      <package name="red-smash.imports.Functions">
        <metrics statements="15" coveredstatements="0" conditionals="11" coveredconditionals="0" methods="3" coveredmethods="0"/>
        <file name="index.js" path="/Users/scottclayton/Sites/red-smash/imports/Functions/index.js">
          <metrics statements="15" coveredstatements="0" conditionals="11" coveredconditionals="0" methods="3" coveredmethods="0"/>
          <line num="1" count="0" type="stmt"/>
          <line num="4" count="0" type="stmt"/>
          <line num="5" count="0" type="stmt"/>
          <line num="7" count="0" type="stmt"/>
          <line num="8" count="0" type="stmt"/>
          <line num="11" count="0" type="stmt"/>
          <line num="13" count="0" type="stmt"/>
          <line num="15" count="0" type="stmt"/>
          <line num="17" count="0" type="stmt"/>
          <line num="19" count="0" type="stmt"/>
          <line num="24" count="0" type="stmt"/>
          <line num="25" count="0" type="stmt"/>
          <line num="27" count="0" type="stmt"/>
          <line num="29" count="0" type="stmt"/>
          <line num="31" count="0" type="stmt"/>
        </file>
      </package>
      <package name="red-smash.imports.api">
        <metrics statements="3" coveredstatements="0" conditionals="0" coveredconditionals="0" methods="0" coveredmethods="0"/>
        <file name="collections.js" path="/Users/scottclayton/Sites/red-smash/imports/api/collections.js">
          <metrics statements="3" coveredstatements="0" conditionals="0" coveredconditionals="0" methods="0" coveredmethods="0"/>
          <line num="1" count="0" type="stmt"/>
          <line num="2" count="0" type="stmt"/>
          <line num="4" count="0" type="stmt"/>
        </file>
      </package>
      <package name="red-smash.imports.startup">
        <metrics statements="2" coveredstatements="0" conditionals="0" coveredconditionals="0" methods="0" coveredmethods="0"/>
        <file name="accounts-config.js" path="/Users/scottclayton/Sites/red-smash/imports/startup/accounts-config.js">
          <metrics statements="2" coveredstatements="0" conditionals="0" coveredconditionals="0" methods="0" coveredmethods="0"/>
          <line num="1" count="0" type="stmt"/>
          <line num="3" count="0" type="stmt"/>
        </file>
      </package>
      <package name="red-smash.imports.startup.client">
        <metrics statements="10" coveredstatements="0" conditionals="4" coveredconditionals="0" methods="2" coveredmethods="0"/>
        <file name="index.js" path="/Users/scottclayton/Sites/red-smash/imports/startup/client/index.js">
          <metrics statements="1" coveredstatements="0" conditionals="0" coveredconditionals="0" methods="0" coveredmethods="0"/>
          <line num="1" count="0" type="stmt"/>
        </file>
        <file name="routes.js" path="/Users/scottclayton/Sites/red-smash/imports/startup/client/routes.js">
          <metrics statements="9" coveredstatements="0" conditionals="4" coveredconditionals="0" methods="2" coveredmethods="0"/>
          <line num="1" count="0" type="stmt"/>
          <line num="2" count="0" type="stmt"/>
          <line num="4" count="0" type="stmt"/>
          <line num="5" count="0" type="stmt"/>
          <line num="6" count="0" type="stmt"/>
          <line num="7" count="0" type="stmt"/>
          <line num="8" count="0" type="stmt"/>
          <line num="9" count="0" type="stmt"/>
          <line num="11" count="0" type="stmt"/>
        </file>
      </package>
      <package name="red-smash.imports.startup.server">
        <metrics statements="0" coveredstatements="0" conditionals="0" coveredconditionals="0" methods="0" coveredmethods="0"/>
        <file name="index.js" path="/Users/scottclayton/Sites/red-smash/imports/startup/server/index.js">
          <metrics statements="0" coveredstatements="0" conditionals="0" coveredconditionals="0" methods="0" coveredmethods="0"/>
        </file>
      </package>
      <package name="red-smash.imports.ui">
        <metrics statements="5" coveredstatements="0" conditionals="4" coveredconditionals="0" methods="2" coveredmethods="0"/>
        <file name="App.js" path="/Users/scottclayton/Sites/red-smash/imports/ui/App.js">
          <metrics statements="5" coveredstatements="0" conditionals="4" coveredconditionals="0" methods="2" coveredmethods="0"/>
          <line num="1" count="0" type="stmt"/>
          <line num="2" count="0" type="stmt"/>
          <line num="3" count="0" type="stmt"/>
          <line num="6" count="0" type="stmt"/>
          <line num="12" count="0" type="stmt"/>
        </file>
      </package>
      <package name="red-smash.imports.ui.components.AccountsUIWrapper">
        <metrics statements="9" coveredstatements="0" conditionals="33" coveredconditionals="0" methods="12" coveredmethods="0"/>
        <file name="index.js" path="/Users/scottclayton/Sites/red-smash/imports/ui/components/AccountsUIWrapper/index.js">
          <metrics statements="9" coveredstatements="0" conditionals="33" coveredconditionals="0" methods="12" coveredmethods="0"/>
          <line num="1" count="0" type="stmt"/>
          <line num="2" count="0" type="stmt"/>
          <line num="3" count="0" type="stmt"/>
          <line num="4" count="0" type="stmt"/>
          <line num="6" count="0" type="stmt"/>
          <line num="9" count="0" type="stmt"/>
          <line num="14" count="0" type="stmt"/>
          <line num="18" count="0" type="stmt"/>
          <line num="19" count="0" type="stmt"/>
        </file>
      </package>
      <package name="red-smash.imports.ui.components.Challenge">
        <metrics statements="9" coveredstatements="0" conditionals="33" coveredconditionals="0" methods="10" coveredmethods="0"/>
        <file name="index.js" path="/Users/scottclayton/Sites/red-smash/imports/ui/components/Challenge/index.js">
          <metrics statements="9" coveredstatements="0" conditionals="33" coveredconditionals="0" methods="10" coveredmethods="0"/>
          <line num="1" count="0" type="stmt"/>
          <line num="2" count="0" type="stmt"/>
          <line num="3" count="0" type="stmt"/>
          <line num="5" count="0" type="stmt"/>
          <line num="11" count="0" type="stmt"/>
          <line num="13" count="0" type="stmt"/>
          <line num="14" count="0" type="stmt"/>
          <line num="21" count="0" type="stmt"/>
          <line num="24" count="0" type="stmt"/>
        </file>
      </package>
      <package name="red-smash.imports.ui.components.ChallengeDetails">
        <metrics statements="23" coveredstatements="0" conditionals="39" coveredconditionals="0" methods="12" coveredmethods="0"/>
        <file name="index.js" path="/Users/scottclayton/Sites/red-smash/imports/ui/components/ChallengeDetails/index.js">
          <metrics statements="23" coveredstatements="0" conditionals="39" coveredconditionals="0" methods="12" coveredmethods="0"/>
          <line num="1" count="0" type="stmt"/>
          <line num="2" count="0" type="stmt"/>
          <line num="3" count="0" type="stmt"/>
          <line num="4" count="0" type="stmt"/>
          <line num="5" count="0" type="stmt"/>
          <line num="6" count="0" type="stmt"/>
          <line num="7" count="0" type="stmt"/>
          <line num="9" count="0" type="stmt"/>
          <line num="32" count="0" type="stmt"/>
          <line num="34" count="0" type="stmt"/>
          <line num="35" count="0" type="stmt"/>
          <line num="37" count="0" type="stmt"/>
          <line num="46" count="0" type="stmt"/>
          <line num="51" count="0" type="stmt"/>
          <line num="52" count="0" type="stmt"/>
          <line num="87" count="0" type="stmt"/>
          <line num="90" count="0" type="stmt"/>
          <line num="92" count="0" type="stmt"/>
          <line num="95" count="0" type="stmt"/>
          <line num="96" count="0" type="stmt"/>
          <line num="97" count="0" type="stmt"/>
          <line num="98" count="0" type="stmt"/>
          <line num="99" count="0" type="stmt"/>
        </file>
      </package>
      <package name="red-smash.imports.ui.components.ChallengeList">
        <metrics statements="14" coveredstatements="0" conditionals="33" coveredconditionals="0" methods="12" coveredmethods="0"/>
        <file name="index.js" path="/Users/scottclayton/Sites/red-smash/imports/ui/components/ChallengeList/index.js">
          <metrics statements="14" coveredstatements="0" conditionals="33" coveredconditionals="0" methods="12" coveredmethods="0"/>
          <line num="1" count="0" type="stmt"/>
          <line num="2" count="0" type="stmt"/>
          <line num="3" count="0" type="stmt"/>
          <line num="4" count="0" type="stmt"/>
          <line num="5" count="0" type="stmt"/>
          <line num="6" count="0" type="stmt"/>
          <line num="8" count="0" type="stmt"/>
          <line num="10" count="0" type="stmt"/>
          <line num="22" count="0" type="stmt"/>
          <line num="29" count="0" type="stmt"/>
          <line num="32" count="0" type="stmt"/>
          <line num="33" count="0" type="stmt"/>
          <line num="37" count="0" type="stmt"/>
          <line num="38" count="0" type="stmt"/>
        </file>
      </package>
      <package name="red-smash.imports.ui.components.LeaderBoard">
        <metrics statements="35" coveredstatements="0" conditionals="47" coveredconditionals="0" methods="17" coveredmethods="0"/>
        <file name="index.js" path="/Users/scottclayton/Sites/red-smash/imports/ui/components/LeaderBoard/index.js">
          <metrics statements="35" coveredstatements="0" conditionals="47" coveredconditionals="0" methods="17" coveredmethods="0"/>
          <line num="1" count="0" type="stmt"/>
          <line num="2" count="0" type="stmt"/>
          <line num="3" count="0" type="stmt"/>
          <line num="4" count="0" type="stmt"/>
          <line num="5" count="0" type="stmt"/>
          <line num="6" count="0" type="stmt"/>
          <line num="7" count="0" type="stmt"/>
          <line num="9" count="0" type="stmt"/>
          <line num="17" count="0" type="stmt"/>
          <line num="26" count="0" type="stmt"/>
          <line num="35" count="0" type="stmt"/>
          <line num="42" count="0" type="stmt"/>
          <line num="44" count="0" type="stmt"/>
          <line num="45" count="0" type="stmt"/>
          <line num="47" count="0" type="stmt"/>
          <line num="49" count="0" type="stmt"/>
          <line num="50" count="0" type="stmt"/>
          <line num="51" count="0" type="stmt"/>
          <line num="52" count="0" type="stmt"/>
          <line num="53" count="0" type="stmt"/>
          <line num="56" count="0" type="stmt"/>
          <line num="58" count="0" type="stmt"/>
          <line num="60" count="0" type="stmt"/>
          <line num="64" count="0" type="stmt"/>
          <line num="65" count="0" type="stmt"/>
          <line num="74" count="0" type="stmt"/>
          <line num="110" count="0" type="stmt"/>
          <line num="111" count="0" type="stmt"/>
          <line num="112" count="0" type="stmt"/>
          <line num="114" count="0" type="stmt"/>
          <line num="142" count="0" type="stmt"/>
          <line num="145" count="0" type="stmt"/>
          <line num="146" count="0" type="stmt"/>
          <line num="150" count="0" type="stmt"/>
          <line num="151" count="0" type="stmt"/>
        </file>
      </package>
      <package name="red-smash.imports.ui.components.NavBar">
        <metrics statements="8" coveredstatements="0" conditionals="33" coveredconditionals="0" methods="10" coveredmethods="0"/>
        <file name="index.js" path="/Users/scottclayton/Sites/red-smash/imports/ui/components/NavBar/index.js">
          <metrics statements="8" coveredstatements="0" conditionals="33" coveredconditionals="0" methods="10" coveredmethods="0"/>
          <line num="1" count="0" type="stmt"/>
          <line num="2" count="0" type="stmt"/>
          <line num="3" count="0" type="stmt"/>
          <line num="4" count="0" type="stmt"/>
          <line num="6" count="0" type="stmt"/>
          <line num="19" count="0" type="stmt"/>
          <line num="21" count="0" type="stmt"/>
          <line num="31" count="0" type="stmt"/>
        </file>
      </package>
      <package name="red-smash.imports.ui.components.PlayersTable">
        <metrics statements="8" coveredstatements="0" conditionals="33" coveredconditionals="0" methods="11" coveredmethods="0"/>
        <file name="index.js" path="/Users/scottclayton/Sites/red-smash/imports/ui/components/PlayersTable/index.js">
          <metrics statements="8" coveredstatements="0" conditionals="33" coveredconditionals="0" methods="11" coveredmethods="0"/>
          <line num="1" count="0" type="stmt"/>
          <line num="2" count="0" type="stmt"/>
          <line num="3" count="0" type="stmt"/>
          <line num="5" count="0" type="stmt"/>
          <line num="7" count="0" type="stmt"/>
          <line num="19" count="0" type="stmt"/>
          <line num="30" count="0" type="stmt"/>
          <line num="33" count="0" type="stmt"/>
        </file>
      </package>
      <package name="red-smash.imports.ui.components.Splash">
        <metrics statements="6" coveredstatements="0" conditionals="33" coveredconditionals="0" methods="10" coveredmethods="0"/>
        <file name="index.js" path="/Users/scottclayton/Sites/red-smash/imports/ui/components/Splash/index.js">
          <metrics statements="6" coveredstatements="0" conditionals="33" coveredconditionals="0" methods="10" coveredmethods="0"/>
          <line num="1" count="0" type="stmt"/>
          <line num="2" count="0" type="stmt"/>
          <line num="4" count="0" type="stmt"/>
          <line num="19" count="0" type="stmt"/>
          <line num="21" count="0" type="stmt"/>
          <line num="26" count="0" type="stmt"/>
        </file>
      </package>
      <package name="red-smash.imports.ui.components.UserModal">
        <metrics statements="9" coveredstatements="0" conditionals="33" coveredconditionals="0" methods="10" coveredmethods="0"/>
        <file name="index.js" path="/Users/scottclayton/Sites/red-smash/imports/ui/components/UserModal/index.js">
          <metrics statements="9" coveredstatements="0" conditionals="33" coveredconditionals="0" methods="10" coveredmethods="0"/>
          <line num="1" count="0" type="stmt"/>
          <line num="2" count="0" type="stmt"/>
          <line num="3" count="0" type="stmt"/>
          <line num="5" count="0" type="stmt"/>
          <line num="12" count="0" type="stmt"/>
          <line num="14" count="0" type="stmt"/>
          <line num="32" count="0" type="stmt"/>
          <line num="35" count="0" type="stmt"/>
          <line num="37" count="0" type="stmt"/>
        </file>
      </package>
      <package name="red-smash.imports.ui.components.UserViewer">
        <metrics statements="17" coveredstatements="0" conditionals="33" coveredconditionals="0" methods="13" coveredmethods="0"/>
        <file name="index.js" path="/Users/scottclayton/Sites/red-smash/imports/ui/components/UserViewer/index.js">
          <metrics statements="17" coveredstatements="0" conditionals="33" coveredconditionals="0" methods="13" coveredmethods="0"/>
          <line num="1" count="0" type="stmt"/>
          <line num="2" count="0" type="stmt"/>
          <line num="3" count="0" type="stmt"/>
          <line num="4" count="0" type="stmt"/>
          <line num="5" count="0" type="stmt"/>
          <line num="8" count="0" type="stmt"/>
          <line num="9" count="0" type="stmt"/>
          <line num="11" count="0" type="stmt"/>
          <line num="12" count="0" type="stmt"/>
          <line num="14" count="0" type="stmt"/>
          <line num="17" count="0" type="stmt"/>
          <line num="21" count="0" type="stmt"/>
          <line num="25" count="0" type="stmt"/>
          <line num="26" count="0" type="stmt"/>
          <line num="41" count="0" type="stmt"/>
          <line num="46" count="0" type="stmt"/>
          <line num="47" count="0" type="stmt"/>
        </file>
      </package>
      <package name="red-smash.server">
        <metrics statements="40" coveredstatements="0" conditionals="8" coveredconditionals="0" methods="7" coveredmethods="0"/>
        <file name="main.js" path="/Users/scottclayton/Sites/red-smash/server/main.js">
          <metrics statements="40" coveredstatements="0" conditionals="8" coveredconditionals="0" methods="7" coveredmethods="0"/>
          <line num="1" count="0" type="stmt"/>
          <line num="2" count="0" type="stmt"/>
          <line num="3" count="0" type="stmt"/>
          <line num="5" count="0" type="stmt"/>
          <line num="7" count="0" type="stmt"/>
          <line num="8" count="0" type="stmt"/>
          <line num="9" count="0" type="stmt"/>
          <line num="11" count="0" type="stmt"/>
          <line num="13" count="0" type="stmt"/>
          <line num="15" count="0" type="stmt"/>
          <line num="16" count="0" type="stmt"/>
          <line num="18" count="0" type="stmt"/>
          <line num="22" count="0" type="stmt"/>
          <line num="23" count="0" type="stmt"/>
          <line num="24" count="0" type="stmt"/>
          <line num="33" count="0" type="stmt"/>
          <line num="36" count="0" type="stmt"/>
          <line num="37" count="0" type="stmt"/>
          <line num="45" count="0" type="stmt"/>
          <line num="53" count="0" type="stmt"/>
          <line num="61" count="0" type="stmt"/>
          <line num="69" count="0" type="stmt"/>
          <line num="77" count="0" type="stmt"/>
          <line num="88" count="0" type="stmt"/>
          <line num="89" count="0" type="stmt"/>
          <line num="92" count="0" type="stmt"/>
          <line num="93" count="0" type="stmt"/>
          <line num="94" count="0" type="stmt"/>
          <line num="97" count="0" type="stmt"/>
          <line num="98" count="0" type="stmt"/>
          <line num="99" count="0" type="stmt"/>
          <line num="101" count="0" type="stmt"/>
          <line num="105" count="0" type="stmt"/>
          <line num="106" count="0" type="stmt"/>
          <line num="107" count="0" type="stmt"/>
          <line num="109" count="0" type="stmt"/>
          <line num="110" count="0" type="stmt"/>
          <line num="120" count="0" type="stmt"/>
          <line num="123" count="0" type="stmt"/>
          <line num="134" count="0" type="stmt"/>
        </file>
      </package>
      <package name="red-smash.tests">
        <metrics statements="17" coveredstatements="0" conditionals="16" coveredconditionals="0" methods="9" coveredmethods="0"/>
        <file name="babel-jsx-transformer.js" path="/Users/scottclayton/Sites/red-smash/tests/babel-jsx-transformer.js">
          <metrics statements="6" coveredstatements="0" conditionals="2" coveredconditionals="0" methods="1" coveredmethods="0"/>
          <line num="3" count="0" type="stmt"/>
          <line num="4" count="0" type="stmt"/>
          <line num="6" count="0" type="stmt"/>
          <line num="8" count="0" type="stmt"/>
          <line num="9" count="0" type="stmt"/>
          <line num="15" count="0" type="stmt"/>
        </file>
        <file name="functions.js" path="/Users/scottclayton/Sites/red-smash/tests/functions.js">
          <metrics statements="11" coveredstatements="0" conditionals="14" coveredconditionals="0" methods="8" coveredmethods="0"/>
          <line num="1" count="0" type="stmt"/>
          <line num="2" count="0" type="stmt"/>
          <line num="3" count="0" type="stmt"/>
          <line num="5" count="0" type="stmt"/>
          <line num="8" count="0" type="stmt"/>
          <line num="10" count="0" type="stmt"/>
          <line num="11" count="0" type="stmt"/>
          <line num="12" count="0" type="stmt"/>
          <line num="14" count="0" type="stmt"/>
          <line num="18" count="0" type="stmt"/>
          <line num="19" count="0" type="stmt"/>
        </file>
      </package>
      <package name="red-smash.tests.unit.coverage.lcov-report">
        <metrics statements="78" coveredstatements="0" conditionals="306" coveredconditionals="0" methods="46" coveredmethods="0"/>
        <file name="prettify.js" path="/Users/scottclayton/Sites/red-smash/tests/unit/coverage/lcov-report/prettify.js">
          <metrics statements="1" coveredstatements="0" conditionals="284" coveredconditionals="0" methods="29" coveredmethods="0"/>
          <line num="1" count="0" type="stmt"/>
        </file>
        <file name="sorter.js" path="/Users/scottclayton/Sites/red-smash/tests/unit/coverage/lcov-report/sorter.js">
          <metrics statements="77" coveredstatements="0" conditionals="22" coveredconditionals="0" methods="17" coveredmethods="0"/>
          <line num="1" count="0" type="stmt"/>
          <line num="4" count="0" type="stmt"/>
          <line num="10" count="0" type="stmt"/>
          <line num="12" count="0" type="stmt"/>
          <line num="14" count="0" type="stmt"/>
          <line num="16" count="0" type="stmt"/>
          <line num="20" count="0" type="stmt"/>
          <line num="22" count="0" type="stmt"/>
          <line num="26" count="0" type="stmt"/>
          <line num="27" count="0" type="stmt"/>
          <line num="28" count="0" type="stmt"/>
          <line num="33" count="0" type="stmt"/>
          <line num="34" count="0" type="stmt"/>
          <line num="35" count="0" type="stmt"/>
          <line num="36" count="0" type="stmt"/>
          <line num="39" count="0" type="stmt"/>
          <line num="44" count="0" type="stmt"/>
          <line num="47" count="0" type="stmt"/>
          <line num="50" count="0" type="stmt"/>
          <line num="51" count="0" type="stmt"/>
          <line num="52" count="0" type="stmt"/>
          <line num="53" count="0" type="stmt"/>
          <line num="54" count="0" type="stmt"/>
          <line num="55" count="0" type="stmt"/>
          <line num="57" count="0" type="stmt"/>
          <line num="59" count="0" type="stmt"/>
          <line num="63" count="0" type="stmt"/>
          <line num="66" count="0" type="stmt"/>
          <line num="67" count="0" type="stmt"/>
          <line num="72" count="0" type="stmt"/>
          <line num="73" count="0" type="stmt"/>
          <line num="74" count="0" type="stmt"/>
          <line num="75" count="0" type="stmt"/>
          <line num="76" count="0" type="stmt"/>
          <line num="78" count="0" type="stmt"/>
          <line num="79" count="0" type="stmt"/>
          <line num="80" count="0" type="stmt"/>
          <line num="81" count="0" type="stmt"/>
          <line num="84" count="0" type="stmt"/>
          <line num="85" count="0" type="stmt"/>
          <line num="86" count="0" type="stmt"/>
          <line num="90" count="0" type="stmt"/>
          <line num="91" count="0" type="stmt"/>
          <line num="92" count="0" type="stmt"/>
          <line num="95" count="0" type="stmt"/>
          <line num="97" count="0" type="stmt"/>
          <line num="98" count="0" type="stmt"/>
          <line num="103" count="0" type="stmt"/>
          <line num="104" count="0" type="stmt"/>
          <line num="106" count="0" type="stmt"/>
          <line num="107" count="0" type="stmt"/>
          <line num="111" count="0" type="stmt"/>
          <line num="117" count="0" type="stmt"/>
          <line num="118" count="0" type="stmt"/>
          <line num="120" count="0" type="stmt"/>
          <line num="121" count="0" type="stmt"/>
          <line num="123" count="0" type="stmt"/>
          <line num="124" count="0" type="stmt"/>
          <line num="126" count="0" type="stmt"/>
          <line num="127" count="0" type="stmt"/>
          <line num="128" count="0" type="stmt"/>
          <line num="129" count="0" type="stmt"/>
          <line num="130" count="0" type="stmt"/>
          <line num="133" count="0" type="stmt"/>
          <line num="134" count="0" type="stmt"/>
          <line num="137" count="0" type="stmt"/>
          <line num="138" count="0" type="stmt"/>
          <line num="139" count="0" type="stmt"/>
          <line num="141" count="0" type="stmt"/>
          <line num="147" count="0" type="stmt"/>
          <line num="148" count="0" type="stmt"/>
          <line num="149" count="0" type="stmt"/>
          <line num="151" count="0" type="stmt"/>
          <line num="152" count="0" type="stmt"/>
          <line num="153" count="0" type="stmt"/>
          <line num="154" count="0" type="stmt"/>
          <line num="158" count="0" type="stmt"/>
        </file>
      </package>
    </metrics>
  </project>
</coverage>
