{"/Users/scottclayton/Sites/red-smash/nightwatch.conf.js": {"path":"/Users/scottclayton/Sites/red-smash/nightwatch.conf.js","statementMap":{"0":{"start":{"line":1,"column":13},"end":{"line":1,"column":44}},"1":{"start":{"line":2,"column":0},"end":{"line":2,"column":56}}},"fnMap":{},"branchMap":{},"s":{"0":0,"1":0},"f":{},"b":{}}
,"/Users/scottclayton/Sites/red-smash/client/main.js": {"path":"/Users/scottclayton/Sites/red-smash/client/main.js","statementMap":{"0":{"start":{"line":1,"column":26},"end":{"line":1,"column":42}},"1":{"start":{"line":1,"column":57},"end":{"line":1,"column":87}},"2":{"start":{"line":2,"column":14},"end":{"line":2,"column":38}},"3":{"start":{"line":3,"column":16},"end":{"line":3,"column":36}},"4":{"start":{"line":4,"column":0},"end":{"line":4,"column":35}},"5":{"start":{"line":5,"column":0},"end":{"line":5,"column":49}},"6":{"start":{"line":6,"column":14},"end":{"line":6,"column":57}},"7":{"start":{"line":7,"column":11},"end":{"line":7,"column":39}},"8":{"start":{"line":7,"column":52},"end":{"line":7,"column":80}},"9":{"start":{"line":7,"column":119},"end":{"line":7,"column":173}},"10":{"start":{"line":9,"column":0},"end":{"line":11,"column":3}},"11":{"start":{"line":10,"column":2},"end":{"line":10,"column":92}}},"fnMap":{"0":{"name":"_interopRequireDefault","decl":{"start":{"line":7,"column":90},"end":{"line":7,"column":112}},"loc":{"start":{"line":7,"column":118},"end":{"line":7,"column":174}}},"1":{"name":"(anonymous_1)","decl":{"start":{"line":9,"column":23},"end":{"line":9,"column":24}},"loc":{"start":{"line":9,"column":35},"end":{"line":11,"column":1}}}},"branchMap":{"0":{"loc":{"start":{"line":7,"column":126},"end":{"line":7,"column":172}},"type":"cond-expr","locations":[{"start":{"line":7,"column":150},"end":{"line":7,"column":153}},{"start":{"line":7,"column":156},"end":{"line":7,"column":172}}]},"1":{"loc":{"start":{"line":7,"column":126},"end":{"line":7,"column":147}},"type":"binary-expr","locations":[{"start":{"line":7,"column":126},"end":{"line":7,"column":129}},{"start":{"line":7,"column":133},"end":{"line":7,"column":147}}]}},"s":{"0":0,"1":0,"2":0,"3":0,"4":0,"5":0,"6":0,"7":0,"8":0,"9":0,"10":0,"11":0},"f":{"0":0,"1":0},"b":{"0":[0,0],"1":[0,0]}}
,"/Users/scottclayton/Sites/red-smash/imports/Functions/index.js": {"path":"/Users/scottclayton/Sites/red-smash/imports/Functions/index.js","statementMap":{"0":{"start":{"line":1,"column":13},"end":{"line":1,"column":75}},"1":{"start":{"line":4,"column":21},"end":{"line":22,"column":1}},"2":{"start":{"line":5,"column":2},"end":{"line":19,"column":30}},"3":{"start":{"line":7,"column":6},"end":{"line":9,"column":7}},"4":{"start":{"line":8,"column":8},"end":{"line":8,"column":26}},"5":{"start":{"line":11,"column":6},"end":{"line":19,"column":29}},"6":{"start":{"line":13,"column":10},"end":{"line":13,"column":28}},"7":{"start":{"line":15,"column":10},"end":{"line":15,"column":28}},"8":{"start":{"line":17,"column":10},"end":{"line":17,"column":28}},"9":{"start":{"line":19,"column":10},"end":{"line":19,"column":28}},"10":{"start":{"line":24,"column":16},"end":{"line":33,"column":5}},"11":{"start":{"line":24,"column":61},"end":{"line":33,"column":4}},"12":{"start":{"line":25,"column":4},"end":{"line":31,"column":18}},"13":{"start":{"line":27,"column":8},"end":{"line":27,"column":17}},"14":{"start":{"line":29,"column":8},"end":{"line":29,"column":18}},"15":{"start":{"line":31,"column":8},"end":{"line":31,"column":17}}},"fnMap":{"0":{"name":"numberSuffixer","decl":{"start":{"line":4,"column":55},"end":{"line":4,"column":69}},"loc":{"start":{"line":4,"column":75},"end":{"line":22,"column":1}}},"1":{"name":"sortByKey","decl":{"start":{"line":24,"column":45},"end":{"line":24,"column":54}},"loc":{"start":{"line":24,"column":60},"end":{"line":33,"column":5}}},"2":{"name":"(anonymous_2)","decl":{"start":{"line":24,"column":68},"end":{"line":24,"column":69}},"loc":{"start":{"line":24,"column":84},"end":{"line":33,"column":3}}}},"branchMap":{"0":{"loc":{"start":{"line":5,"column":2},"end":{"line":19,"column":30}},"type":"switch","locations":[{"start":{"line":6,"column":4},"end":{"line":9,"column":7}},{"start":{"line":10,"column":4},"end":{"line":19,"column":29}}]},"1":{"loc":{"start":{"line":7,"column":6},"end":{"line":9,"column":7}},"type":"if","locations":[{"start":{"line":7,"column":6},"end":{"line":9,"column":7}},{"start":{"line":7,"column":6},"end":{"line":9,"column":7}}]},"2":{"loc":{"start":{"line":11,"column":6},"end":{"line":19,"column":29}},"type":"switch","locations":[{"start":{"line":12,"column":8},"end":{"line":13,"column":28}},{"start":{"line":14,"column":8},"end":{"line":15,"column":28}},{"start":{"line":16,"column":8},"end":{"line":17,"column":28}},{"start":{"line":18,"column":8},"end":{"line":19,"column":28}}]},"3":{"loc":{"start":{"line":25,"column":4},"end":{"line":31,"column":18}},"type":"switch","locations":[{"start":{"line":26,"column":6},"end":{"line":27,"column":17}},{"start":{"line":28,"column":6},"end":{"line":29,"column":18}},{"start":{"line":30,"column":6},"end":{"line":31,"column":17}}]}},"s":{"0":0,"1":0,"2":0,"3":0,"4":0,"5":0,"6":0,"7":0,"8":0,"9":0,"10":0,"11":0,"12":0,"13":0,"14":0,"15":0},"f":{"0":0,"1":0,"2":0},"b":{"0":[0,0],"1":[0,0],"2":[0,0,0,0],"3":[0,0,0]}}
,"/Users/scottclayton/Sites/red-smash/imports/api/collections.js": {"path":"/Users/scottclayton/Sites/red-smash/imports/api/collections.js","statementMap":{"0":{"start":{"line":1,"column":13},"end":{"line":1,"column":75}},"1":{"start":{"line":1,"column":75},"end":{"line":1,"column":106}},"2":{"start":{"line":1,"column":119},"end":{"line":1,"column":142}},"3":{"start":{"line":2,"column":14},"end":{"line":2,"column":38}},"4":{"start":{"line":4,"column":17},"end":{"line":4,"column":79}}},"fnMap":{},"branchMap":{},"s":{"0":0,"1":0,"2":0,"3":0,"4":0},"f":{},"b":{}}
,"/Users/scottclayton/Sites/red-smash/imports/startup/accounts-config.js": {"path":"/Users/scottclayton/Sites/red-smash/imports/startup/accounts-config.js","statementMap":{"0":{"start":{"line":1,"column":33},"end":{"line":1,"column":64}},"1":{"start":{"line":3,"column":0},"end":{"line":4,"column":48}}},"fnMap":{},"branchMap":{},"s":{"0":0,"1":0},"f":{},"b":{}}
,"/Users/scottclayton/Sites/red-smash/imports/startup/client/index.js": {"path":"/Users/scottclayton/Sites/red-smash/imports/startup/client/index.js","statementMap":{"0":{"start":{"line":1,"column":13},"end":{"line":1,"column":33}}},"fnMap":{},"branchMap":{},"s":{"0":0},"f":{},"b":{}}
,"/Users/scottclayton/Sites/red-smash/imports/startup/client/routes.js": {"path":"/Users/scottclayton/Sites/red-smash/imports/startup/client/routes.js","statementMap":{"0":{"start":{"line":1,"column":13},"end":{"line":1,"column":75}},"1":{"start":{"line":1,"column":75},"end":{"line":1,"column":108}},"2":{"start":{"line":1,"column":121},"end":{"line":1,"column":137}},"3":{"start":{"line":1,"column":152},"end":{"line":1,"column":182}},"4":{"start":{"line":2,"column":19},"end":{"line":2,"column":42}},"5":{"start":{"line":4,"column":14},"end":{"line":4,"column":52}},"6":{"start":{"line":4,"column":68},"end":{"line":4,"column":99}},"7":{"start":{"line":5,"column":11},"end":{"line":5,"column":34}},"8":{"start":{"line":6,"column":21},"end":{"line":6,"column":65}},"9":{"start":{"line":6,"column":88},"end":{"line":6,"column":126}},"10":{"start":{"line":7,"column":19},"end":{"line":7,"column":61}},"11":{"start":{"line":7,"column":82},"end":{"line":7,"column":118}},"12":{"start":{"line":8,"column":24},"end":{"line":8,"column":71}},"13":{"start":{"line":8,"column":97},"end":{"line":8,"column":138}},"14":{"start":{"line":9,"column":18},"end":{"line":9,"column":60}},"15":{"start":{"line":9,"column":99},"end":{"line":9,"column":153}},"16":{"start":{"line":11,"column":19},"end":{"line":18,"column":133}},"17":{"start":{"line":11,"column":67},"end":{"line":18,"column":132}}},"fnMap":{"0":{"name":"_interopRequireDefault","decl":{"start":{"line":9,"column":70},"end":{"line":9,"column":92}},"loc":{"start":{"line":9,"column":98},"end":{"line":9,"column":154}}},"1":{"name":"renderRoutes","decl":{"start":{"line":11,"column":51},"end":{"line":11,"column":63}},"loc":{"start":{"line":11,"column":66},"end":{"line":18,"column":133}}}},"branchMap":{"0":{"loc":{"start":{"line":9,"column":106},"end":{"line":9,"column":152}},"type":"cond-expr","locations":[{"start":{"line":9,"column":130},"end":{"line":9,"column":133}},{"start":{"line":9,"column":136},"end":{"line":9,"column":152}}]},"1":{"loc":{"start":{"line":9,"column":106},"end":{"line":9,"column":127}},"type":"binary-expr","locations":[{"start":{"line":9,"column":106},"end":{"line":9,"column":109}},{"start":{"line":9,"column":113},"end":{"line":9,"column":127}}]}},"s":{"0":0,"1":0,"2":0,"3":0,"4":0,"5":0,"6":0,"7":0,"8":0,"9":0,"10":0,"11":0,"12":0,"13":0,"14":0,"15":0,"16":0,"17":0},"f":{"0":0,"1":0},"b":{"0":[0,0],"1":[0,0]}}
,"/Users/scottclayton/Sites/red-smash/imports/startup/server/index.js": {"path":"/Users/scottclayton/Sites/red-smash/imports/startup/server/index.js","statementMap":{},"fnMap":{},"branchMap":{},"s":{},"f":{},"b":{}}
,"/Users/scottclayton/Sites/red-smash/imports/ui/App.js": {"path":"/Users/scottclayton/Sites/red-smash/imports/ui/App.js","statementMap":{"0":{"start":{"line":1,"column":13},"end":{"line":1,"column":75}},"1":{"start":{"line":1,"column":75},"end":{"line":1,"column":99}},"2":{"start":{"line":1,"column":112},"end":{"line":1,"column":128}},"3":{"start":{"line":1,"column":143},"end":{"line":1,"column":173}},"4":{"start":{"line":2,"column":25},"end":{"line":2,"column":67}},"5":{"start":{"line":2,"column":94},"end":{"line":2,"column":136}},"6":{"start":{"line":3,"column":14},"end":{"line":3,"column":44}},"7":{"start":{"line":3,"column":60},"end":{"line":3,"column":91}},"8":{"start":{"line":3,"column":130},"end":{"line":3,"column":184}},"9":{"start":{"line":6,"column":13},"end":{"line":8,"column":26}},"10":{"start":{"line":12,"column":10},"end":{"line":21,"column":27}},"11":{"start":{"line":12,"column":59},"end":{"line":12,"column":72}},"12":{"start":{"line":12,"column":73},"end":{"line":21,"column":26}}},"fnMap":{"0":{"name":"_interopRequireDefault","decl":{"start":{"line":3,"column":101},"end":{"line":3,"column":123}},"loc":{"start":{"line":3,"column":129},"end":{"line":3,"column":185}}},"1":{"name":"App","decl":{"start":{"line":12,"column":33},"end":{"line":12,"column":36}},"loc":{"start":{"line":12,"column":43},"end":{"line":21,"column":27}}}},"branchMap":{"0":{"loc":{"start":{"line":3,"column":137},"end":{"line":3,"column":183}},"type":"cond-expr","locations":[{"start":{"line":3,"column":161},"end":{"line":3,"column":164}},{"start":{"line":3,"column":167},"end":{"line":3,"column":183}}]},"1":{"loc":{"start":{"line":3,"column":137},"end":{"line":3,"column":158}},"type":"binary-expr","locations":[{"start":{"line":3,"column":137},"end":{"line":3,"column":140}},{"start":{"line":3,"column":144},"end":{"line":3,"column":158}}]}},"s":{"0":0,"1":0,"2":0,"3":0,"4":0,"5":0,"6":0,"7":0,"8":0,"9":0,"10":0,"11":0,"12":0},"f":{"0":0,"1":0},"b":{"0":[0,0],"1":[0,0]}}
,"/Users/scottclayton/Sites/red-smash/imports/ui/components/AccountsUIWrapper/index.js": {"path":"/Users/scottclayton/Sites/red-smash/imports/ui/components/AccountsUIWrapper/index.js","statementMap":{"0":{"start":{"line":1,"column":13},"end":{"line":1,"column":75}},"1":{"start":{"line":1,"column":94},"end":{"line":1,"column":623}},"2":{"start":{"line":1,"column":149},"end":{"line":1,"column":414}},"3":{"start":{"line":1,"column":206},"end":{"line":1,"column":214}},"4":{"start":{"line":1,"column":215},"end":{"line":1,"column":270}},"5":{"start":{"line":1,"column":270},"end":{"line":1,"column":301}},"6":{"start":{"line":1,"column":301},"end":{"line":1,"column":355}},"7":{"start":{"line":1,"column":328},"end":{"line":1,"column":355}},"8":{"start":{"line":1,"column":355},"end":{"line":1,"column":413}},"9":{"start":{"line":1,"column":415},"end":{"line":1,"column":620}},"10":{"start":{"line":1,"column":471},"end":{"line":1,"column":539}},"11":{"start":{"line":1,"column":487},"end":{"line":1,"column":539}},"12":{"start":{"line":1,"column":539},"end":{"line":1,"column":599}},"13":{"start":{"line":1,"column":556},"end":{"line":1,"column":599}},"14":{"start":{"line":1,"column":599},"end":{"line":1,"column":618}},"15":{"start":{"line":1,"column":637},"end":{"line":1,"column":653}},"16":{"start":{"line":1,"column":668},"end":{"line":1,"column":698}},"17":{"start":{"line":2,"column":16},"end":{"line":2,"column":36}},"18":{"start":{"line":2,"column":54},"end":{"line":2,"column":87}},"19":{"start":{"line":3,"column":18},"end":{"line":3,"column":46}},"20":{"start":{"line":4,"column":13},"end":{"line":4,"column":36}},"21":{"start":{"line":4,"column":75},"end":{"line":4,"column":129}},"22":{"start":{"line":4,"column":179},"end":{"line":4,"column":278}},"23":{"start":{"line":4,"column":220},"end":{"line":4,"column":277}},"24":{"start":{"line":4,"column":328},"end":{"line":4,"column":427}},"25":{"start":{"line":4,"column":340},"end":{"line":4,"column":426}},"26":{"start":{"line":4,"column":427},"end":{"line":4,"column":513}},"27":{"start":{"line":4,"column":556},"end":{"line":4,"column":719}},"28":{"start":{"line":4,"column":618},"end":{"line":4,"column":718}},"29":{"start":{"line":4,"column":719},"end":{"line":4,"column":883}},"30":{"start":{"line":4,"column":883},"end":{"line":4,"column":1001}},"31":{"start":{"line":4,"column":899},"end":{"line":4,"column":1001}},"32":{"start":{"line":6,"column":20},"end":{"line":19,"column":54}},"33":{"start":{"line":6,"column":43},"end":{"line":6,"column":84}},"34":{"start":{"line":6,"column":114},"end":{"line":6,"column":155}},"35":{"start":{"line":6,"column":155},"end":{"line":6,"column":293}},"36":{"start":{"line":6,"column":294},"end":{"line":19,"column":10}},"37":{"start":{"line":9,"column":6},"end":{"line":10,"column":59}},"38":{"start":{"line":14,"column":6},"end":{"line":14,"column":37}},"39":{"start":{"line":18,"column":6},"end":{"line":18,"column":73}},"40":{"start":{"line":19,"column":10},"end":{"line":19,"column":35}},"41":{"start":{"line":19,"column":55},"end":{"line":19,"column":91}}},"fnMap":{"0":{"name":"(anonymous_0)","decl":{"start":{"line":1,"column":94},"end":{"line":1,"column":95}},"loc":{"start":{"line":1,"column":106},"end":{"line":1,"column":621}}},"1":{"name":"defineProperties","decl":{"start":{"line":1,"column":116},"end":{"line":1,"column":132}},"loc":{"start":{"line":1,"column":148},"end":{"line":1,"column":415}}},"2":{"name":"(anonymous_2)","decl":{"start":{"line":1,"column":422},"end":{"line":1,"column":423}},"loc":{"start":{"line":1,"column":470},"end":{"line":1,"column":619}}},"3":{"name":"_interopRequireDefault","decl":{"start":{"line":4,"column":46},"end":{"line":4,"column":68}},"loc":{"start":{"line":4,"column":74},"end":{"line":4,"column":130}}},"4":{"name":"_classCallCheck","decl":{"start":{"line":4,"column":139},"end":{"line":4,"column":154}},"loc":{"start":{"line":4,"column":178},"end":{"line":4,"column":279}}},"5":{"name":"_possibleConstructorReturn","decl":{"start":{"line":4,"column":288},"end":{"line":4,"column":314}},"loc":{"start":{"line":4,"column":327},"end":{"line":4,"column":514}}},"6":{"name":"_inherits","decl":{"start":{"line":4,"column":523},"end":{"line":4,"column":532}},"loc":{"start":{"line":4,"column":555},"end":{"line":4,"column":1002}}},"7":{"name":"(anonymous_7)","decl":{"start":{"line":6,"column":20},"end":{"line":6,"column":21}},"loc":{"start":{"line":6,"column":42},"end":{"line":19,"column":36}}},"8":{"name":"AccountsUIWrapper","decl":{"start":{"line":6,"column":93},"end":{"line":6,"column":110}},"loc":{"start":{"line":6,"column":113},"end":{"line":6,"column":294}}},"9":{"name":"componentDidMount","decl":{"start":{"line":6,"column":371},"end":{"line":6,"column":388}},"loc":{"start":{"line":7,"column":4},"end":{"line":11,"column":5}}},"10":{"name":"componentWillUnmount","decl":{"start":{"line":11,"column":56},"end":{"line":11,"column":76}},"loc":{"start":{"line":12,"column":4},"end":{"line":15,"column":5}}},"11":{"name":"render","decl":{"start":{"line":15,"column":42},"end":{"line":15,"column":48}},"loc":{"start":{"line":16,"column":4},"end":{"line":19,"column":5}}}},"branchMap":{"0":{"loc":{"start":{"line":1,"column":239},"end":{"line":1,"column":269}},"type":"binary-expr","locations":[{"start":{"line":1,"column":239},"end":{"line":1,"column":260}},{"start":{"line":1,"column":264},"end":{"line":1,"column":269}}]},"1":{"loc":{"start":{"line":1,"column":301},"end":{"line":1,"column":355}},"type":"if","locations":[{"start":{"line":1,"column":301},"end":{"line":1,"column":355}},{"start":{"line":1,"column":301},"end":{"line":1,"column":355}}]},"2":{"loc":{"start":{"line":1,"column":471},"end":{"line":1,"column":539}},"type":"if","locations":[{"start":{"line":1,"column":471},"end":{"line":1,"column":539}},{"start":{"line":1,"column":471},"end":{"line":1,"column":539}}]},"3":{"loc":{"start":{"line":1,"column":539},"end":{"line":1,"column":599}},"type":"if","locations":[{"start":{"line":1,"column":539},"end":{"line":1,"column":599}},{"start":{"line":1,"column":539},"end":{"line":1,"column":599}}]},"4":{"loc":{"start":{"line":4,"column":82},"end":{"line":4,"column":128}},"type":"cond-expr","locations":[{"start":{"line":4,"column":106},"end":{"line":4,"column":109}},{"start":{"line":4,"column":112},"end":{"line":4,"column":128}}]},"5":{"loc":{"start":{"line":4,"column":82},"end":{"line":4,"column":103}},"type":"binary-expr","locations":[{"start":{"line":4,"column":82},"end":{"line":4,"column":85}},{"start":{"line":4,"column":89},"end":{"line":4,"column":103}}]},"6":{"loc":{"start":{"line":4,"column":179},"end":{"line":4,"column":278}},"type":"if","locations":[{"start":{"line":4,"column":179},"end":{"line":4,"column":278}},{"start":{"line":4,"column":179},"end":{"line":4,"column":278}}]},"7":{"loc":{"start":{"line":4,"column":328},"end":{"line":4,"column":427}},"type":"if","locations":[{"start":{"line":4,"column":328},"end":{"line":4,"column":427}},{"start":{"line":4,"column":328},"end":{"line":4,"column":427}}]},"8":{"loc":{"start":{"line":4,"column":434},"end":{"line":4,"column":512}},"type":"cond-expr","locations":[{"start":{"line":4,"column":501},"end":{"line":4,"column":505}},{"start":{"line":4,"column":508},"end":{"line":4,"column":512}}]},"9":{"loc":{"start":{"line":4,"column":434},"end":{"line":4,"column":498}},"type":"binary-expr","locations":[{"start":{"line":4,"column":434},"end":{"line":4,"column":438}},{"start":{"line":4,"column":443},"end":{"line":4,"column":467}},{"start":{"line":4,"column":471},"end":{"line":4,"column":497}}]},"10":{"loc":{"start":{"line":4,"column":556},"end":{"line":4,"column":719}},"type":"if","locations":[{"start":{"line":4,"column":556},"end":{"line":4,"column":719}},{"start":{"line":4,"column":556},"end":{"line":4,"column":719}}]},"11":{"loc":{"start":{"line":4,"column":560},"end":{"line":4,"column":615}},"type":"binary-expr","locations":[{"start":{"line":4,"column":560},"end":{"line":4,"column":592}},{"start":{"line":4,"column":596},"end":{"line":4,"column":615}}]},"12":{"loc":{"start":{"line":4,"column":754},"end":{"line":4,"column":788}},"type":"binary-expr","locations":[{"start":{"line":4,"column":754},"end":{"line":4,"column":764}},{"start":{"line":4,"column":768},"end":{"line":4,"column":788}}]},"13":{"loc":{"start":{"line":4,"column":883},"end":{"line":4,"column":1001}},"type":"if","locations":[{"start":{"line":4,"column":883},"end":{"line":4,"column":1001}},{"start":{"line":4,"column":883},"end":{"line":4,"column":1001}}]},"14":{"loc":{"start":{"line":4,"column":899},"end":{"line":4,"column":1000}},"type":"cond-expr","locations":[{"start":{"line":4,"column":923},"end":{"line":4,"column":966}},{"start":{"line":4,"column":969},"end":{"line":4,"column":1000}}]},"15":{"loc":{"start":{"line":6,"column":196},"end":{"line":6,"column":267}},"type":"binary-expr","locations":[{"start":{"line":6,"column":196},"end":{"line":6,"column":223}},{"start":{"line":6,"column":227},"end":{"line":6,"column":267}}]}},"s":{"0":0,"1":0,"2":0,"3":0,"4":0,"5":0,"6":0,"7":0,"8":0,"9":0,"10":0,"11":0,"12":0,"13":0,"14":0,"15":0,"16":0,"17":0,"18":0,"19":0,"20":0,"21":0,"22":0,"23":0,"24":0,"25":0,"26":0,"27":0,"28":0,"29":0,"30":0,"31":0,"32":0,"33":0,"34":0,"35":0,"36":0,"37":0,"38":0,"39":0,"40":0,"41":0},"f":{"0":0,"1":0,"2":0,"3":0,"4":0,"5":0,"6":0,"7":0,"8":0,"9":0,"10":0,"11":0},"b":{"0":[0,0],"1":[0,0],"2":[0,0],"3":[0,0],"4":[0,0],"5":[0,0],"6":[0,0],"7":[0,0],"8":[0,0],"9":[0,0,0],"10":[0,0],"11":[0,0],"12":[0,0],"13":[0,0],"14":[0,0],"15":[0,0]}}
,"/Users/scottclayton/Sites/red-smash/imports/ui/components/Challenge/index.js": {"path":"/Users/scottclayton/Sites/red-smash/imports/ui/components/Challenge/index.js","statementMap":{"0":{"start":{"line":1,"column":13},"end":{"line":1,"column":75}},"1":{"start":{"line":1,"column":94},"end":{"line":1,"column":623}},"2":{"start":{"line":1,"column":149},"end":{"line":1,"column":414}},"3":{"start":{"line":1,"column":206},"end":{"line":1,"column":214}},"4":{"start":{"line":1,"column":215},"end":{"line":1,"column":270}},"5":{"start":{"line":1,"column":270},"end":{"line":1,"column":301}},"6":{"start":{"line":1,"column":301},"end":{"line":1,"column":355}},"7":{"start":{"line":1,"column":328},"end":{"line":1,"column":355}},"8":{"start":{"line":1,"column":355},"end":{"line":1,"column":413}},"9":{"start":{"line":1,"column":415},"end":{"line":1,"column":620}},"10":{"start":{"line":1,"column":471},"end":{"line":1,"column":539}},"11":{"start":{"line":1,"column":487},"end":{"line":1,"column":539}},"12":{"start":{"line":1,"column":539},"end":{"line":1,"column":599}},"13":{"start":{"line":1,"column":556},"end":{"line":1,"column":599}},"14":{"start":{"line":1,"column":599},"end":{"line":1,"column":618}},"15":{"start":{"line":1,"column":637},"end":{"line":1,"column":653}},"16":{"start":{"line":1,"column":668},"end":{"line":1,"column":698}},"17":{"start":{"line":2,"column":14},"end":{"line":2,"column":38}},"18":{"start":{"line":3,"column":19},"end":{"line":3,"column":42}},"19":{"start":{"line":3,"column":81},"end":{"line":3,"column":135}},"20":{"start":{"line":3,"column":185},"end":{"line":3,"column":284}},"21":{"start":{"line":3,"column":226},"end":{"line":3,"column":283}},"22":{"start":{"line":3,"column":334},"end":{"line":3,"column":433}},"23":{"start":{"line":3,"column":346},"end":{"line":3,"column":432}},"24":{"start":{"line":3,"column":433},"end":{"line":3,"column":519}},"25":{"start":{"line":3,"column":562},"end":{"line":3,"column":725}},"26":{"start":{"line":3,"column":624},"end":{"line":3,"column":724}},"27":{"start":{"line":3,"column":725},"end":{"line":3,"column":889}},"28":{"start":{"line":3,"column":889},"end":{"line":3,"column":1007}},"29":{"start":{"line":3,"column":905},"end":{"line":3,"column":1007}},"30":{"start":{"line":5,"column":13},"end":{"line":8,"column":30}},"31":{"start":{"line":11,"column":12},"end":{"line":21,"column":46}},"32":{"start":{"line":11,"column":35},"end":{"line":11,"column":68}},"33":{"start":{"line":11,"column":90},"end":{"line":11,"column":123}},"34":{"start":{"line":11,"column":123},"end":{"line":11,"column":245}},"35":{"start":{"line":11,"column":246},"end":{"line":21,"column":10}},"36":{"start":{"line":13,"column":6},"end":{"line":13,"column":24}},"37":{"start":{"line":14,"column":6},"end":{"line":18,"column":192}},"38":{"start":{"line":21,"column":10},"end":{"line":21,"column":27}},"39":{"start":{"line":21,"column":47},"end":{"line":21,"column":75}},"40":{"start":{"line":24,"column":0},"end":{"line":25,"column":50}}},"fnMap":{"0":{"name":"(anonymous_0)","decl":{"start":{"line":1,"column":94},"end":{"line":1,"column":95}},"loc":{"start":{"line":1,"column":106},"end":{"line":1,"column":621}}},"1":{"name":"defineProperties","decl":{"start":{"line":1,"column":116},"end":{"line":1,"column":132}},"loc":{"start":{"line":1,"column":148},"end":{"line":1,"column":415}}},"2":{"name":"(anonymous_2)","decl":{"start":{"line":1,"column":422},"end":{"line":1,"column":423}},"loc":{"start":{"line":1,"column":470},"end":{"line":1,"column":619}}},"3":{"name":"_interopRequireDefault","decl":{"start":{"line":3,"column":52},"end":{"line":3,"column":74}},"loc":{"start":{"line":3,"column":80},"end":{"line":3,"column":136}}},"4":{"name":"_classCallCheck","decl":{"start":{"line":3,"column":145},"end":{"line":3,"column":160}},"loc":{"start":{"line":3,"column":184},"end":{"line":3,"column":285}}},"5":{"name":"_possibleConstructorReturn","decl":{"start":{"line":3,"column":294},"end":{"line":3,"column":320}},"loc":{"start":{"line":3,"column":333},"end":{"line":3,"column":520}}},"6":{"name":"_inherits","decl":{"start":{"line":3,"column":529},"end":{"line":3,"column":538}},"loc":{"start":{"line":3,"column":561},"end":{"line":3,"column":1008}}},"7":{"name":"(anonymous_7)","decl":{"start":{"line":11,"column":12},"end":{"line":11,"column":13}},"loc":{"start":{"line":11,"column":34},"end":{"line":21,"column":28}}},"8":{"name":"Challenge","decl":{"start":{"line":11,"column":77},"end":{"line":11,"column":86}},"loc":{"start":{"line":11,"column":89},"end":{"line":11,"column":246}}},"9":{"name":"render","decl":{"start":{"line":11,"column":304},"end":{"line":11,"column":310}},"loc":{"start":{"line":12,"column":4},"end":{"line":21,"column":5}}}},"branchMap":{"0":{"loc":{"start":{"line":1,"column":239},"end":{"line":1,"column":269}},"type":"binary-expr","locations":[{"start":{"line":1,"column":239},"end":{"line":1,"column":260}},{"start":{"line":1,"column":264},"end":{"line":1,"column":269}}]},"1":{"loc":{"start":{"line":1,"column":301},"end":{"line":1,"column":355}},"type":"if","locations":[{"start":{"line":1,"column":301},"end":{"line":1,"column":355}},{"start":{"line":1,"column":301},"end":{"line":1,"column":355}}]},"2":{"loc":{"start":{"line":1,"column":471},"end":{"line":1,"column":539}},"type":"if","locations":[{"start":{"line":1,"column":471},"end":{"line":1,"column":539}},{"start":{"line":1,"column":471},"end":{"line":1,"column":539}}]},"3":{"loc":{"start":{"line":1,"column":539},"end":{"line":1,"column":599}},"type":"if","locations":[{"start":{"line":1,"column":539},"end":{"line":1,"column":599}},{"start":{"line":1,"column":539},"end":{"line":1,"column":599}}]},"4":{"loc":{"start":{"line":3,"column":88},"end":{"line":3,"column":134}},"type":"cond-expr","locations":[{"start":{"line":3,"column":112},"end":{"line":3,"column":115}},{"start":{"line":3,"column":118},"end":{"line":3,"column":134}}]},"5":{"loc":{"start":{"line":3,"column":88},"end":{"line":3,"column":109}},"type":"binary-expr","locations":[{"start":{"line":3,"column":88},"end":{"line":3,"column":91}},{"start":{"line":3,"column":95},"end":{"line":3,"column":109}}]},"6":{"loc":{"start":{"line":3,"column":185},"end":{"line":3,"column":284}},"type":"if","locations":[{"start":{"line":3,"column":185},"end":{"line":3,"column":284}},{"start":{"line":3,"column":185},"end":{"line":3,"column":284}}]},"7":{"loc":{"start":{"line":3,"column":334},"end":{"line":3,"column":433}},"type":"if","locations":[{"start":{"line":3,"column":334},"end":{"line":3,"column":433}},{"start":{"line":3,"column":334},"end":{"line":3,"column":433}}]},"8":{"loc":{"start":{"line":3,"column":440},"end":{"line":3,"column":518}},"type":"cond-expr","locations":[{"start":{"line":3,"column":507},"end":{"line":3,"column":511}},{"start":{"line":3,"column":514},"end":{"line":3,"column":518}}]},"9":{"loc":{"start":{"line":3,"column":440},"end":{"line":3,"column":504}},"type":"binary-expr","locations":[{"start":{"line":3,"column":440},"end":{"line":3,"column":444}},{"start":{"line":3,"column":449},"end":{"line":3,"column":473}},{"start":{"line":3,"column":477},"end":{"line":3,"column":503}}]},"10":{"loc":{"start":{"line":3,"column":562},"end":{"line":3,"column":725}},"type":"if","locations":[{"start":{"line":3,"column":562},"end":{"line":3,"column":725}},{"start":{"line":3,"column":562},"end":{"line":3,"column":725}}]},"11":{"loc":{"start":{"line":3,"column":566},"end":{"line":3,"column":621}},"type":"binary-expr","locations":[{"start":{"line":3,"column":566},"end":{"line":3,"column":598}},{"start":{"line":3,"column":602},"end":{"line":3,"column":621}}]},"12":{"loc":{"start":{"line":3,"column":760},"end":{"line":3,"column":794}},"type":"binary-expr","locations":[{"start":{"line":3,"column":760},"end":{"line":3,"column":770}},{"start":{"line":3,"column":774},"end":{"line":3,"column":794}}]},"13":{"loc":{"start":{"line":3,"column":889},"end":{"line":3,"column":1007}},"type":"if","locations":[{"start":{"line":3,"column":889},"end":{"line":3,"column":1007}},{"start":{"line":3,"column":889},"end":{"line":3,"column":1007}}]},"14":{"loc":{"start":{"line":3,"column":905},"end":{"line":3,"column":1006}},"type":"cond-expr","locations":[{"start":{"line":3,"column":929},"end":{"line":3,"column":972}},{"start":{"line":3,"column":975},"end":{"line":3,"column":1006}}]},"15":{"loc":{"start":{"line":11,"column":164},"end":{"line":11,"column":219}},"type":"binary-expr","locations":[{"start":{"line":11,"column":164},"end":{"line":11,"column":183}},{"start":{"line":11,"column":187},"end":{"line":11,"column":219}}]}},"s":{"0":0,"1":0,"2":0,"3":0,"4":0,"5":0,"6":0,"7":0,"8":0,"9":0,"10":0,"11":0,"12":0,"13":0,"14":0,"15":0,"16":0,"17":0,"18":0,"19":0,"20":0,"21":0,"22":0,"23":0,"24":0,"25":0,"26":0,"27":0,"28":0,"29":0,"30":0,"31":0,"32":0,"33":0,"34":0,"35":0,"36":0,"37":0,"38":0,"39":0,"40":0},"f":{"0":0,"1":0,"2":0,"3":0,"4":0,"5":0,"6":0,"7":0,"8":0,"9":0},"b":{"0":[0,0],"1":[0,0],"2":[0,0],"3":[0,0],"4":[0,0],"5":[0,0],"6":[0,0],"7":[0,0],"8":[0,0],"9":[0,0,0],"10":[0,0],"11":[0,0],"12":[0,0],"13":[0,0],"14":[0,0],"15":[0,0]}}
,"/Users/scottclayton/Sites/red-smash/imports/ui/components/ChallengeDetails/index.js": {"path":"/Users/scottclayton/Sites/red-smash/imports/ui/components/ChallengeDetails/index.js","statementMap":{"0":{"start":{"line":1,"column":13},"end":{"line":1,"column":75}},"1":{"start":{"line":1,"column":94},"end":{"line":1,"column":623}},"2":{"start":{"line":1,"column":149},"end":{"line":1,"column":414}},"3":{"start":{"line":1,"column":206},"end":{"line":1,"column":214}},"4":{"start":{"line":1,"column":215},"end":{"line":1,"column":270}},"5":{"start":{"line":1,"column":270},"end":{"line":1,"column":301}},"6":{"start":{"line":1,"column":301},"end":{"line":1,"column":355}},"7":{"start":{"line":1,"column":328},"end":{"line":1,"column":355}},"8":{"start":{"line":1,"column":355},"end":{"line":1,"column":413}},"9":{"start":{"line":1,"column":415},"end":{"line":1,"column":620}},"10":{"start":{"line":1,"column":471},"end":{"line":1,"column":539}},"11":{"start":{"line":1,"column":487},"end":{"line":1,"column":539}},"12":{"start":{"line":1,"column":539},"end":{"line":1,"column":599}},"13":{"start":{"line":1,"column":556},"end":{"line":1,"column":599}},"14":{"start":{"line":1,"column":599},"end":{"line":1,"column":618}},"15":{"start":{"line":1,"column":637},"end":{"line":1,"column":653}},"16":{"start":{"line":1,"column":668},"end":{"line":1,"column":698}},"17":{"start":{"line":2,"column":23},"end":{"line":2,"column":58}},"18":{"start":{"line":3,"column":16},"end":{"line":3,"column":36}},"19":{"start":{"line":3,"column":54},"end":{"line":3,"column":87}},"20":{"start":{"line":4,"column":14},"end":{"line":4,"column":38}},"21":{"start":{"line":5,"column":19},"end":{"line":5,"column":57}},"22":{"start":{"line":6,"column":19},"end":{"line":6,"column":42}},"23":{"start":{"line":7,"column":22},"end":{"line":7,"column":48}},"24":{"start":{"line":7,"column":87},"end":{"line":7,"column":141}},"25":{"start":{"line":7,"column":191},"end":{"line":7,"column":290}},"26":{"start":{"line":7,"column":232},"end":{"line":7,"column":289}},"27":{"start":{"line":7,"column":340},"end":{"line":7,"column":439}},"28":{"start":{"line":7,"column":352},"end":{"line":7,"column":438}},"29":{"start":{"line":7,"column":439},"end":{"line":7,"column":525}},"30":{"start":{"line":7,"column":568},"end":{"line":7,"column":731}},"31":{"start":{"line":7,"column":630},"end":{"line":7,"column":730}},"32":{"start":{"line":7,"column":731},"end":{"line":7,"column":895}},"33":{"start":{"line":7,"column":895},"end":{"line":7,"column":1013}},"34":{"start":{"line":7,"column":911},"end":{"line":7,"column":1013}},"35":{"start":{"line":9,"column":13},"end":{"line":28,"column":26}},"36":{"start":{"line":32,"column":19},"end":{"line":87,"column":57}},"37":{"start":{"line":32,"column":42},"end":{"line":32,"column":82}},"38":{"start":{"line":32,"column":111},"end":{"line":32,"column":151}},"39":{"start":{"line":32,"column":151},"end":{"line":32,"column":287}},"40":{"start":{"line":32,"column":288},"end":{"line":87,"column":14}},"41":{"start":{"line":34,"column":12},"end":{"line":34,"column":35}},"42":{"start":{"line":35,"column":12},"end":{"line":35,"column":35}},"43":{"start":{"line":37,"column":12},"end":{"line":43,"column":109}},"44":{"start":{"line":46,"column":12},"end":{"line":46,"column":61}},"45":{"start":{"line":51,"column":12},"end":{"line":51,"column":36}},"46":{"start":{"line":52,"column":12},"end":{"line":81,"column":40}},"47":{"start":{"line":87,"column":14},"end":{"line":87,"column":38}},"48":{"start":{"line":90,"column":0},"end":{"line":92,"column":43}},"49":{"start":{"line":92,"column":43},"end":{"line":103,"column":21}},"50":{"start":{"line":95,"column":68},"end":{"line":95,"column":79}},"51":{"start":{"line":96,"column":4},"end":{"line":96,"column":38}},"52":{"start":{"line":97,"column":4},"end":{"line":97,"column":54}},"53":{"start":{"line":98,"column":21},"end":{"line":98,"column":83}},"54":{"start":{"line":99,"column":4},"end":{"line":101,"column":45}}},"fnMap":{"0":{"name":"(anonymous_0)","decl":{"start":{"line":1,"column":94},"end":{"line":1,"column":95}},"loc":{"start":{"line":1,"column":106},"end":{"line":1,"column":621}}},"1":{"name":"defineProperties","decl":{"start":{"line":1,"column":116},"end":{"line":1,"column":132}},"loc":{"start":{"line":1,"column":148},"end":{"line":1,"column":415}}},"2":{"name":"(anonymous_2)","decl":{"start":{"line":1,"column":422},"end":{"line":1,"column":423}},"loc":{"start":{"line":1,"column":470},"end":{"line":1,"column":619}}},"3":{"name":"_interopRequireDefault","decl":{"start":{"line":7,"column":58},"end":{"line":7,"column":80}},"loc":{"start":{"line":7,"column":86},"end":{"line":7,"column":142}}},"4":{"name":"_classCallCheck","decl":{"start":{"line":7,"column":151},"end":{"line":7,"column":166}},"loc":{"start":{"line":7,"column":190},"end":{"line":7,"column":291}}},"5":{"name":"_possibleConstructorReturn","decl":{"start":{"line":7,"column":300},"end":{"line":7,"column":326}},"loc":{"start":{"line":7,"column":339},"end":{"line":7,"column":526}}},"6":{"name":"_inherits","decl":{"start":{"line":7,"column":535},"end":{"line":7,"column":544}},"loc":{"start":{"line":7,"column":567},"end":{"line":7,"column":1014}}},"7":{"name":"(anonymous_7)","decl":{"start":{"line":32,"column":19},"end":{"line":32,"column":20}},"loc":{"start":{"line":32,"column":41},"end":{"line":87,"column":39}}},"8":{"name":"ChallengeDetails","decl":{"start":{"line":32,"column":91},"end":{"line":32,"column":107}},"loc":{"start":{"line":32,"column":110},"end":{"line":32,"column":288}}},"9":{"name":"handleSubmit","decl":{"start":{"line":32,"column":359},"end":{"line":32,"column":371}},"loc":{"start":{"line":33,"column":15},"end":{"line":47,"column":9}}},"10":{"name":"render","decl":{"start":{"line":47,"column":46},"end":{"line":47,"column":52}},"loc":{"start":{"line":49,"column":8},"end":{"line":87,"column":9}}},"11":{"name":"(anonymous_11)","decl":{"start":{"line":95,"column":38},"end":{"line":95,"column":39}},"loc":{"start":{"line":95,"column":54},"end":{"line":103,"column":1}}}},"branchMap":{"0":{"loc":{"start":{"line":1,"column":239},"end":{"line":1,"column":269}},"type":"binary-expr","locations":[{"start":{"line":1,"column":239},"end":{"line":1,"column":260}},{"start":{"line":1,"column":264},"end":{"line":1,"column":269}}]},"1":{"loc":{"start":{"line":1,"column":301},"end":{"line":1,"column":355}},"type":"if","locations":[{"start":{"line":1,"column":301},"end":{"line":1,"column":355}},{"start":{"line":1,"column":301},"end":{"line":1,"column":355}}]},"2":{"loc":{"start":{"line":1,"column":471},"end":{"line":1,"column":539}},"type":"if","locations":[{"start":{"line":1,"column":471},"end":{"line":1,"column":539}},{"start":{"line":1,"column":471},"end":{"line":1,"column":539}}]},"3":{"loc":{"start":{"line":1,"column":539},"end":{"line":1,"column":599}},"type":"if","locations":[{"start":{"line":1,"column":539},"end":{"line":1,"column":599}},{"start":{"line":1,"column":539},"end":{"line":1,"column":599}}]},"4":{"loc":{"start":{"line":7,"column":94},"end":{"line":7,"column":140}},"type":"cond-expr","locations":[{"start":{"line":7,"column":118},"end":{"line":7,"column":121}},{"start":{"line":7,"column":124},"end":{"line":7,"column":140}}]},"5":{"loc":{"start":{"line":7,"column":94},"end":{"line":7,"column":115}},"type":"binary-expr","locations":[{"start":{"line":7,"column":94},"end":{"line":7,"column":97}},{"start":{"line":7,"column":101},"end":{"line":7,"column":115}}]},"6":{"loc":{"start":{"line":7,"column":191},"end":{"line":7,"column":290}},"type":"if","locations":[{"start":{"line":7,"column":191},"end":{"line":7,"column":290}},{"start":{"line":7,"column":191},"end":{"line":7,"column":290}}]},"7":{"loc":{"start":{"line":7,"column":340},"end":{"line":7,"column":439}},"type":"if","locations":[{"start":{"line":7,"column":340},"end":{"line":7,"column":439}},{"start":{"line":7,"column":340},"end":{"line":7,"column":439}}]},"8":{"loc":{"start":{"line":7,"column":446},"end":{"line":7,"column":524}},"type":"cond-expr","locations":[{"start":{"line":7,"column":513},"end":{"line":7,"column":517}},{"start":{"line":7,"column":520},"end":{"line":7,"column":524}}]},"9":{"loc":{"start":{"line":7,"column":446},"end":{"line":7,"column":510}},"type":"binary-expr","locations":[{"start":{"line":7,"column":446},"end":{"line":7,"column":450}},{"start":{"line":7,"column":455},"end":{"line":7,"column":479}},{"start":{"line":7,"column":483},"end":{"line":7,"column":509}}]},"10":{"loc":{"start":{"line":7,"column":568},"end":{"line":7,"column":731}},"type":"if","locations":[{"start":{"line":7,"column":568},"end":{"line":7,"column":731}},{"start":{"line":7,"column":568},"end":{"line":7,"column":731}}]},"11":{"loc":{"start":{"line":7,"column":572},"end":{"line":7,"column":627}},"type":"binary-expr","locations":[{"start":{"line":7,"column":572},"end":{"line":7,"column":604}},{"start":{"line":7,"column":608},"end":{"line":7,"column":627}}]},"12":{"loc":{"start":{"line":7,"column":766},"end":{"line":7,"column":800}},"type":"binary-expr","locations":[{"start":{"line":7,"column":766},"end":{"line":7,"column":776}},{"start":{"line":7,"column":780},"end":{"line":7,"column":800}}]},"13":{"loc":{"start":{"line":7,"column":895},"end":{"line":7,"column":1013}},"type":"if","locations":[{"start":{"line":7,"column":895},"end":{"line":7,"column":1013}},{"start":{"line":7,"column":895},"end":{"line":7,"column":1013}}]},"14":{"loc":{"start":{"line":7,"column":911},"end":{"line":7,"column":1012}},"type":"cond-expr","locations":[{"start":{"line":7,"column":935},"end":{"line":7,"column":978}},{"start":{"line":7,"column":981},"end":{"line":7,"column":1012}}]},"15":{"loc":{"start":{"line":32,"column":192},"end":{"line":32,"column":261}},"type":"binary-expr","locations":[{"start":{"line":32,"column":192},"end":{"line":32,"column":218}},{"start":{"line":32,"column":222},"end":{"line":32,"column":261}}]},"16":{"loc":{"start":{"line":56,"column":24},"end":{"line":67,"column":26}},"type":"cond-expr","locations":[{"start":{"line":57,"column":24},"end":{"line":63,"column":115}},{"start":{"line":67,"column":24},"end":{"line":67,"column":26}}]},"17":{"loc":{"start":{"line":71,"column":32},"end":{"line":81,"column":34}},"type":"cond-expr","locations":[{"start":{"line":72,"column":32},"end":{"line":80,"column":127}},{"start":{"line":81,"column":32},"end":{"line":81,"column":34}}]},"18":{"loc":{"start":{"line":98,"column":21},"end":{"line":98,"column":83}},"type":"binary-expr","locations":[{"start":{"line":98,"column":21},"end":{"line":98,"column":77}},{"start":{"line":98,"column":81},"end":{"line":98,"column":83}}]}},"s":{"0":0,"1":0,"2":0,"3":0,"4":0,"5":0,"6":0,"7":0,"8":0,"9":0,"10":0,"11":0,"12":0,"13":0,"14":0,"15":0,"16":0,"17":0,"18":0,"19":0,"20":0,"21":0,"22":0,"23":0,"24":0,"25":0,"26":0,"27":0,"28":0,"29":0,"30":0,"31":0,"32":0,"33":0,"34":0,"35":0,"36":0,"37":0,"38":0,"39":0,"40":0,"41":0,"42":0,"43":0,"44":0,"45":0,"46":0,"47":0,"48":0,"49":0,"50":0,"51":0,"52":0,"53":0,"54":0},"f":{"0":0,"1":0,"2":0,"3":0,"4":0,"5":0,"6":0,"7":0,"8":0,"9":0,"10":0,"11":0},"b":{"0":[0,0],"1":[0,0],"2":[0,0],"3":[0,0],"4":[0,0],"5":[0,0],"6":[0,0],"7":[0,0],"8":[0,0],"9":[0,0,0],"10":[0,0],"11":[0,0],"12":[0,0],"13":[0,0],"14":[0,0],"15":[0,0],"16":[0,0],"17":[0,0],"18":[0,0]}}
,"/Users/scottclayton/Sites/red-smash/imports/ui/components/ChallengeList/index.js": {"path":"/Users/scottclayton/Sites/red-smash/imports/ui/components/ChallengeList/index.js","statementMap":{"0":{"start":{"line":1,"column":13},"end":{"line":1,"column":75}},"1":{"start":{"line":1,"column":94},"end":{"line":1,"column":623}},"2":{"start":{"line":1,"column":149},"end":{"line":1,"column":414}},"3":{"start":{"line":1,"column":206},"end":{"line":1,"column":214}},"4":{"start":{"line":1,"column":215},"end":{"line":1,"column":270}},"5":{"start":{"line":1,"column":270},"end":{"line":1,"column":301}},"6":{"start":{"line":1,"column":301},"end":{"line":1,"column":355}},"7":{"start":{"line":1,"column":328},"end":{"line":1,"column":355}},"8":{"start":{"line":1,"column":355},"end":{"line":1,"column":413}},"9":{"start":{"line":1,"column":415},"end":{"line":1,"column":620}},"10":{"start":{"line":1,"column":471},"end":{"line":1,"column":539}},"11":{"start":{"line":1,"column":487},"end":{"line":1,"column":539}},"12":{"start":{"line":1,"column":539},"end":{"line":1,"column":599}},"13":{"start":{"line":1,"column":556},"end":{"line":1,"column":599}},"14":{"start":{"line":1,"column":599},"end":{"line":1,"column":618}},"15":{"start":{"line":1,"column":637},"end":{"line":1,"column":653}},"16":{"start":{"line":1,"column":668},"end":{"line":1,"column":698}},"17":{"start":{"line":2,"column":23},"end":{"line":2,"column":58}},"18":{"start":{"line":3,"column":16},"end":{"line":3,"column":36}},"19":{"start":{"line":3,"column":54},"end":{"line":3,"column":87}},"20":{"start":{"line":4,"column":14},"end":{"line":4,"column":38}},"21":{"start":{"line":5,"column":19},"end":{"line":5,"column":57}},"22":{"start":{"line":6,"column":17},"end":{"line":6,"column":40}},"23":{"start":{"line":6,"column":59},"end":{"line":6,"column":93}},"24":{"start":{"line":6,"column":132},"end":{"line":6,"column":186}},"25":{"start":{"line":6,"column":236},"end":{"line":6,"column":335}},"26":{"start":{"line":6,"column":277},"end":{"line":6,"column":334}},"27":{"start":{"line":6,"column":385},"end":{"line":6,"column":484}},"28":{"start":{"line":6,"column":397},"end":{"line":6,"column":483}},"29":{"start":{"line":6,"column":484},"end":{"line":6,"column":570}},"30":{"start":{"line":6,"column":613},"end":{"line":6,"column":776}},"31":{"start":{"line":6,"column":675},"end":{"line":6,"column":775}},"32":{"start":{"line":6,"column":776},"end":{"line":6,"column":940}},"33":{"start":{"line":6,"column":940},"end":{"line":6,"column":1058}},"34":{"start":{"line":6,"column":956},"end":{"line":6,"column":1058}},"35":{"start":{"line":8,"column":16},"end":{"line":29,"column":50}},"36":{"start":{"line":8,"column":39},"end":{"line":8,"column":76}},"37":{"start":{"line":8,"column":102},"end":{"line":8,"column":139}},"38":{"start":{"line":8,"column":139},"end":{"line":8,"column":269}},"39":{"start":{"line":8,"column":270},"end":{"line":29,"column":10}},"40":{"start":{"line":10,"column":6},"end":{"line":22,"column":172}},"41":{"start":{"line":22,"column":69},"end":{"line":22,"column":165}},"42":{"start":{"line":29,"column":10},"end":{"line":29,"column":31}},"43":{"start":{"line":32,"column":0},"end":{"line":33,"column":50}},"44":{"start":{"line":33,"column":50},"end":{"line":41,"column":18}},"45":{"start":{"line":37,"column":2},"end":{"line":37,"column":41}},"46":{"start":{"line":38,"column":2},"end":{"line":39,"column":57}}},"fnMap":{"0":{"name":"(anonymous_0)","decl":{"start":{"line":1,"column":94},"end":{"line":1,"column":95}},"loc":{"start":{"line":1,"column":106},"end":{"line":1,"column":621}}},"1":{"name":"defineProperties","decl":{"start":{"line":1,"column":116},"end":{"line":1,"column":132}},"loc":{"start":{"line":1,"column":148},"end":{"line":1,"column":415}}},"2":{"name":"(anonymous_2)","decl":{"start":{"line":1,"column":422},"end":{"line":1,"column":423}},"loc":{"start":{"line":1,"column":470},"end":{"line":1,"column":619}}},"3":{"name":"_interopRequireDefault","decl":{"start":{"line":6,"column":103},"end":{"line":6,"column":125}},"loc":{"start":{"line":6,"column":131},"end":{"line":6,"column":187}}},"4":{"name":"_classCallCheck","decl":{"start":{"line":6,"column":196},"end":{"line":6,"column":211}},"loc":{"start":{"line":6,"column":235},"end":{"line":6,"column":336}}},"5":{"name":"_possibleConstructorReturn","decl":{"start":{"line":6,"column":345},"end":{"line":6,"column":371}},"loc":{"start":{"line":6,"column":384},"end":{"line":6,"column":571}}},"6":{"name":"_inherits","decl":{"start":{"line":6,"column":580},"end":{"line":6,"column":589}},"loc":{"start":{"line":6,"column":612},"end":{"line":6,"column":1059}}},"7":{"name":"(anonymous_7)","decl":{"start":{"line":8,"column":16},"end":{"line":8,"column":17}},"loc":{"start":{"line":8,"column":38},"end":{"line":29,"column":32}}},"8":{"name":"ChallengeList","decl":{"start":{"line":8,"column":85},"end":{"line":8,"column":98}},"loc":{"start":{"line":8,"column":101},"end":{"line":8,"column":270}}},"9":{"name":"render","decl":{"start":{"line":8,"column":332},"end":{"line":8,"column":338}},"loc":{"start":{"line":9,"column":4},"end":{"line":29,"column":5}}},"10":{"name":"(anonymous_10)","decl":{"start":{"line":22,"column":40},"end":{"line":22,"column":41}},"loc":{"start":{"line":22,"column":68},"end":{"line":22,"column":166}}},"11":{"name":"(anonymous_11)","decl":{"start":{"line":36,"column":38},"end":{"line":36,"column":39}},"loc":{"start":{"line":36,"column":50},"end":{"line":41,"column":1}}}},"branchMap":{"0":{"loc":{"start":{"line":1,"column":239},"end":{"line":1,"column":269}},"type":"binary-expr","locations":[{"start":{"line":1,"column":239},"end":{"line":1,"column":260}},{"start":{"line":1,"column":264},"end":{"line":1,"column":269}}]},"1":{"loc":{"start":{"line":1,"column":301},"end":{"line":1,"column":355}},"type":"if","locations":[{"start":{"line":1,"column":301},"end":{"line":1,"column":355}},{"start":{"line":1,"column":301},"end":{"line":1,"column":355}}]},"2":{"loc":{"start":{"line":1,"column":471},"end":{"line":1,"column":539}},"type":"if","locations":[{"start":{"line":1,"column":471},"end":{"line":1,"column":539}},{"start":{"line":1,"column":471},"end":{"line":1,"column":539}}]},"3":{"loc":{"start":{"line":1,"column":539},"end":{"line":1,"column":599}},"type":"if","locations":[{"start":{"line":1,"column":539},"end":{"line":1,"column":599}},{"start":{"line":1,"column":539},"end":{"line":1,"column":599}}]},"4":{"loc":{"start":{"line":6,"column":139},"end":{"line":6,"column":185}},"type":"cond-expr","locations":[{"start":{"line":6,"column":163},"end":{"line":6,"column":166}},{"start":{"line":6,"column":169},"end":{"line":6,"column":185}}]},"5":{"loc":{"start":{"line":6,"column":139},"end":{"line":6,"column":160}},"type":"binary-expr","locations":[{"start":{"line":6,"column":139},"end":{"line":6,"column":142}},{"start":{"line":6,"column":146},"end":{"line":6,"column":160}}]},"6":{"loc":{"start":{"line":6,"column":236},"end":{"line":6,"column":335}},"type":"if","locations":[{"start":{"line":6,"column":236},"end":{"line":6,"column":335}},{"start":{"line":6,"column":236},"end":{"line":6,"column":335}}]},"7":{"loc":{"start":{"line":6,"column":385},"end":{"line":6,"column":484}},"type":"if","locations":[{"start":{"line":6,"column":385},"end":{"line":6,"column":484}},{"start":{"line":6,"column":385},"end":{"line":6,"column":484}}]},"8":{"loc":{"start":{"line":6,"column":491},"end":{"line":6,"column":569}},"type":"cond-expr","locations":[{"start":{"line":6,"column":558},"end":{"line":6,"column":562}},{"start":{"line":6,"column":565},"end":{"line":6,"column":569}}]},"9":{"loc":{"start":{"line":6,"column":491},"end":{"line":6,"column":555}},"type":"binary-expr","locations":[{"start":{"line":6,"column":491},"end":{"line":6,"column":495}},{"start":{"line":6,"column":500},"end":{"line":6,"column":524}},{"start":{"line":6,"column":528},"end":{"line":6,"column":554}}]},"10":{"loc":{"start":{"line":6,"column":613},"end":{"line":6,"column":776}},"type":"if","locations":[{"start":{"line":6,"column":613},"end":{"line":6,"column":776}},{"start":{"line":6,"column":613},"end":{"line":6,"column":776}}]},"11":{"loc":{"start":{"line":6,"column":617},"end":{"line":6,"column":672}},"type":"binary-expr","locations":[{"start":{"line":6,"column":617},"end":{"line":6,"column":649}},{"start":{"line":6,"column":653},"end":{"line":6,"column":672}}]},"12":{"loc":{"start":{"line":6,"column":811},"end":{"line":6,"column":845}},"type":"binary-expr","locations":[{"start":{"line":6,"column":811},"end":{"line":6,"column":821}},{"start":{"line":6,"column":825},"end":{"line":6,"column":845}}]},"13":{"loc":{"start":{"line":6,"column":940},"end":{"line":6,"column":1058}},"type":"if","locations":[{"start":{"line":6,"column":940},"end":{"line":6,"column":1058}},{"start":{"line":6,"column":940},"end":{"line":6,"column":1058}}]},"14":{"loc":{"start":{"line":6,"column":956},"end":{"line":6,"column":1057}},"type":"cond-expr","locations":[{"start":{"line":6,"column":980},"end":{"line":6,"column":1023}},{"start":{"line":6,"column":1026},"end":{"line":6,"column":1057}}]},"15":{"loc":{"start":{"line":8,"column":180},"end":{"line":8,"column":243}},"type":"binary-expr","locations":[{"start":{"line":8,"column":180},"end":{"line":8,"column":203}},{"start":{"line":8,"column":207},"end":{"line":8,"column":243}}]}},"s":{"0":0,"1":0,"2":0,"3":0,"4":0,"5":0,"6":0,"7":0,"8":0,"9":0,"10":0,"11":0,"12":0,"13":0,"14":0,"15":0,"16":0,"17":0,"18":0,"19":0,"20":0,"21":0,"22":0,"23":0,"24":0,"25":0,"26":0,"27":0,"28":0,"29":0,"30":0,"31":0,"32":0,"33":0,"34":0,"35":0,"36":0,"37":0,"38":0,"39":0,"40":0,"41":0,"42":0,"43":0,"44":0,"45":0,"46":0},"f":{"0":0,"1":0,"2":0,"3":0,"4":0,"5":0,"6":0,"7":0,"8":0,"9":0,"10":0,"11":0},"b":{"0":[0,0],"1":[0,0],"2":[0,0],"3":[0,0],"4":[0,0],"5":[0,0],"6":[0,0],"7":[0,0],"8":[0,0],"9":[0,0,0],"10":[0,0],"11":[0,0],"12":[0,0],"13":[0,0],"14":[0,0],"15":[0,0]}}
,"/Users/scottclayton/Sites/red-smash/imports/ui/components/LeaderBoard/index.js": {"path":"/Users/scottclayton/Sites/red-smash/imports/ui/components/LeaderBoard/index.js","statementMap":{"0":{"start":{"line":1,"column":13},"end":{"line":1,"column":75}},"1":{"start":{"line":1,"column":94},"end":{"line":1,"column":623}},"2":{"start":{"line":1,"column":149},"end":{"line":1,"column":414}},"3":{"start":{"line":1,"column":206},"end":{"line":1,"column":214}},"4":{"start":{"line":1,"column":215},"end":{"line":1,"column":270}},"5":{"start":{"line":1,"column":270},"end":{"line":1,"column":301}},"6":{"start":{"line":1,"column":301},"end":{"line":1,"column":355}},"7":{"start":{"line":1,"column":328},"end":{"line":1,"column":355}},"8":{"start":{"line":1,"column":355},"end":{"line":1,"column":413}},"9":{"start":{"line":1,"column":415},"end":{"line":1,"column":620}},"10":{"start":{"line":1,"column":471},"end":{"line":1,"column":539}},"11":{"start":{"line":1,"column":487},"end":{"line":1,"column":539}},"12":{"start":{"line":1,"column":539},"end":{"line":1,"column":599}},"13":{"start":{"line":1,"column":556},"end":{"line":1,"column":599}},"14":{"start":{"line":1,"column":599},"end":{"line":1,"column":618}},"15":{"start":{"line":1,"column":637},"end":{"line":1,"column":653}},"16":{"start":{"line":1,"column":668},"end":{"line":1,"column":698}},"17":{"start":{"line":2,"column":23},"end":{"line":2,"column":58}},"18":{"start":{"line":3,"column":16},"end":{"line":3,"column":36}},"19":{"start":{"line":3,"column":54},"end":{"line":3,"column":87}},"20":{"start":{"line":4,"column":14},"end":{"line":4,"column":38}},"21":{"start":{"line":5,"column":20},"end":{"line":5,"column":46}},"22":{"start":{"line":5,"column":68},"end":{"line":5,"column":105}},"23":{"start":{"line":6,"column":20},"end":{"line":6,"column":44}},"24":{"start":{"line":7,"column":17},"end":{"line":7,"column":46}},"25":{"start":{"line":7,"column":85},"end":{"line":7,"column":139}},"26":{"start":{"line":7,"column":174},"end":{"line":7,"column":325}},"27":{"start":{"line":7,"column":199},"end":{"line":7,"column":281}},"28":{"start":{"line":7,"column":263},"end":{"line":7,"column":280}},"29":{"start":{"line":7,"column":281},"end":{"line":7,"column":293}},"30":{"start":{"line":7,"column":301},"end":{"line":7,"column":324}},"31":{"start":{"line":7,"column":375},"end":{"line":7,"column":474}},"32":{"start":{"line":7,"column":416},"end":{"line":7,"column":473}},"33":{"start":{"line":7,"column":524},"end":{"line":7,"column":623}},"34":{"start":{"line":7,"column":536},"end":{"line":7,"column":622}},"35":{"start":{"line":7,"column":623},"end":{"line":7,"column":709}},"36":{"start":{"line":7,"column":752},"end":{"line":7,"column":915}},"37":{"start":{"line":7,"column":814},"end":{"line":7,"column":914}},"38":{"start":{"line":7,"column":915},"end":{"line":7,"column":1079}},"39":{"start":{"line":7,"column":1079},"end":{"line":7,"column":1197}},"40":{"start":{"line":7,"column":1095},"end":{"line":7,"column":1197}},"41":{"start":{"line":9,"column":19},"end":{"line":14,"column":22}},"42":{"start":{"line":17,"column":19},"end":{"line":22,"column":21}},"43":{"start":{"line":26,"column":17},"end":{"line":28,"column":26}},"44":{"start":{"line":35,"column":14},"end":{"line":142,"column":48}},"45":{"start":{"line":35,"column":37},"end":{"line":35,"column":72}},"46":{"start":{"line":35,"column":96},"end":{"line":35,"column":131}},"47":{"start":{"line":35,"column":131},"end":{"line":35,"column":257}},"48":{"start":{"line":35,"column":258},"end":{"line":142,"column":10}},"49":{"start":{"line":42,"column":22},"end":{"line":45,"column":80}},"50":{"start":{"line":44,"column":27},"end":{"line":44,"column":46}},"51":{"start":{"line":45,"column":27},"end":{"line":45,"column":78}},"52":{"start":{"line":47,"column":22},"end":{"line":47,"column":38}},"53":{"start":{"line":49,"column":6},"end":{"line":57,"column":7}},"54":{"start":{"line":50,"column":8},"end":{"line":55,"column":9}},"55":{"start":{"line":51,"column":10},"end":{"line":54,"column":11}},"56":{"start":{"line":52,"column":12},"end":{"line":52,"column":61}},"57":{"start":{"line":53,"column":12},"end":{"line":53,"column":52}},"58":{"start":{"line":56,"column":8},"end":{"line":56,"column":74}},"59":{"start":{"line":58,"column":6},"end":{"line":58,"column":61}},"60":{"start":{"line":60,"column":6},"end":{"line":60,"column":23}},"61":{"start":{"line":64,"column":20},"end":{"line":73,"column":8}},"62":{"start":{"line":65,"column":8},"end":{"line":71,"column":34}},"63":{"start":{"line":74,"column":6},"end":{"line":74,"column":21}},"64":{"start":{"line":110,"column":21},"end":{"line":110,"column":44}},"65":{"start":{"line":111,"column":20},"end":{"line":111,"column":46}},"66":{"start":{"line":112,"column":6},"end":{"line":112,"column":27}},"67":{"start":{"line":114,"column":6},"end":{"line":137,"column":103}},"68":{"start":{"line":142,"column":10},"end":{"line":142,"column":29}},"69":{"start":{"line":145,"column":0},"end":{"line":146,"column":45}},"70":{"start":{"line":146,"column":45},"end":{"line":154,"column":16}},"71":{"start":{"line":150,"column":2},"end":{"line":150,"column":36}},"72":{"start":{"line":151,"column":2},"end":{"line":152,"column":93}}},"fnMap":{"0":{"name":"(anonymous_0)","decl":{"start":{"line":1,"column":94},"end":{"line":1,"column":95}},"loc":{"start":{"line":1,"column":106},"end":{"line":1,"column":621}}},"1":{"name":"defineProperties","decl":{"start":{"line":1,"column":116},"end":{"line":1,"column":132}},"loc":{"start":{"line":1,"column":148},"end":{"line":1,"column":415}}},"2":{"name":"(anonymous_2)","decl":{"start":{"line":1,"column":422},"end":{"line":1,"column":423}},"loc":{"start":{"line":1,"column":470},"end":{"line":1,"column":619}}},"3":{"name":"_interopRequireDefault","decl":{"start":{"line":7,"column":56},"end":{"line":7,"column":78}},"loc":{"start":{"line":7,"column":84},"end":{"line":7,"column":140}}},"4":{"name":"_toConsumableArray","decl":{"start":{"line":7,"column":149},"end":{"line":7,"column":167}},"loc":{"start":{"line":7,"column":173},"end":{"line":7,"column":326}}},"5":{"name":"_classCallCheck","decl":{"start":{"line":7,"column":335},"end":{"line":7,"column":350}},"loc":{"start":{"line":7,"column":374},"end":{"line":7,"column":475}}},"6":{"name":"_possibleConstructorReturn","decl":{"start":{"line":7,"column":484},"end":{"line":7,"column":510}},"loc":{"start":{"line":7,"column":523},"end":{"line":7,"column":710}}},"7":{"name":"_inherits","decl":{"start":{"line":7,"column":719},"end":{"line":7,"column":728}},"loc":{"start":{"line":7,"column":751},"end":{"line":7,"column":1198}}},"8":{"name":"(anonymous_8)","decl":{"start":{"line":35,"column":14},"end":{"line":35,"column":15}},"loc":{"start":{"line":35,"column":36},"end":{"line":142,"column":30}}},"9":{"name":"LeaderBoard","decl":{"start":{"line":35,"column":81},"end":{"line":35,"column":92}},"loc":{"start":{"line":35,"column":95},"end":{"line":35,"column":258}}},"10":{"name":"_teamStarsFinder","decl":{"start":{"line":41,"column":20},"end":{"line":41,"column":36}},"loc":{"start":{"line":41,"column":39},"end":{"line":61,"column":5}}},"11":{"name":"(anonymous_11)","decl":{"start":{"line":44,"column":10},"end":{"line":44,"column":11}},"loc":{"start":{"line":44,"column":26},"end":{"line":44,"column":47}}},"12":{"name":"(anonymous_12)","decl":{"start":{"line":45,"column":10},"end":{"line":45,"column":11}},"loc":{"start":{"line":45,"column":26},"end":{"line":45,"column":79}}},"13":{"name":"_pieFilling","decl":{"start":{"line":61,"column":47},"end":{"line":61,"column":58}},"loc":{"start":{"line":63,"column":14},"end":{"line":75,"column":5}}},"14":{"name":"(anonymous_14)","decl":{"start":{"line":64,"column":33},"end":{"line":64,"column":34}},"loc":{"start":{"line":64,"column":56},"end":{"line":73,"column":7}}},"15":{"name":"render","decl":{"start":{"line":105,"column":38},"end":{"line":105,"column":44}},"loc":{"start":{"line":109,"column":4},"end":{"line":142,"column":5}}},"16":{"name":"(anonymous_16)","decl":{"start":{"line":149,"column":38},"end":{"line":149,"column":39}},"loc":{"start":{"line":149,"column":50},"end":{"line":154,"column":1}}}},"branchMap":{"0":{"loc":{"start":{"line":1,"column":239},"end":{"line":1,"column":269}},"type":"binary-expr","locations":[{"start":{"line":1,"column":239},"end":{"line":1,"column":260}},{"start":{"line":1,"column":264},"end":{"line":1,"column":269}}]},"1":{"loc":{"start":{"line":1,"column":301},"end":{"line":1,"column":355}},"type":"if","locations":[{"start":{"line":1,"column":301},"end":{"line":1,"column":355}},{"start":{"line":1,"column":301},"end":{"line":1,"column":355}}]},"2":{"loc":{"start":{"line":1,"column":471},"end":{"line":1,"column":539}},"type":"if","locations":[{"start":{"line":1,"column":471},"end":{"line":1,"column":539}},{"start":{"line":1,"column":471},"end":{"line":1,"column":539}}]},"3":{"loc":{"start":{"line":1,"column":539},"end":{"line":1,"column":599}},"type":"if","locations":[{"start":{"line":1,"column":539},"end":{"line":1,"column":599}},{"start":{"line":1,"column":539},"end":{"line":1,"column":599}}]},"4":{"loc":{"start":{"line":7,"column":92},"end":{"line":7,"column":138}},"type":"cond-expr","locations":[{"start":{"line":7,"column":116},"end":{"line":7,"column":119}},{"start":{"line":7,"column":122},"end":{"line":7,"column":138}}]},"5":{"loc":{"start":{"line":7,"column":92},"end":{"line":7,"column":113}},"type":"binary-expr","locations":[{"start":{"line":7,"column":92},"end":{"line":7,"column":95}},{"start":{"line":7,"column":99},"end":{"line":7,"column":113}}]},"6":{"loc":{"start":{"line":7,"column":174},"end":{"line":7,"column":325}},"type":"if","locations":[{"start":{"line":7,"column":174},"end":{"line":7,"column":325}},{"start":{"line":7,"column":174},"end":{"line":7,"column":325}}]},"7":{"loc":{"start":{"line":7,"column":375},"end":{"line":7,"column":474}},"type":"if","locations":[{"start":{"line":7,"column":375},"end":{"line":7,"column":474}},{"start":{"line":7,"column":375},"end":{"line":7,"column":474}}]},"8":{"loc":{"start":{"line":7,"column":524},"end":{"line":7,"column":623}},"type":"if","locations":[{"start":{"line":7,"column":524},"end":{"line":7,"column":623}},{"start":{"line":7,"column":524},"end":{"line":7,"column":623}}]},"9":{"loc":{"start":{"line":7,"column":630},"end":{"line":7,"column":708}},"type":"cond-expr","locations":[{"start":{"line":7,"column":697},"end":{"line":7,"column":701}},{"start":{"line":7,"column":704},"end":{"line":7,"column":708}}]},"10":{"loc":{"start":{"line":7,"column":630},"end":{"line":7,"column":694}},"type":"binary-expr","locations":[{"start":{"line":7,"column":630},"end":{"line":7,"column":634}},{"start":{"line":7,"column":639},"end":{"line":7,"column":663}},{"start":{"line":7,"column":667},"end":{"line":7,"column":693}}]},"11":{"loc":{"start":{"line":7,"column":752},"end":{"line":7,"column":915}},"type":"if","locations":[{"start":{"line":7,"column":752},"end":{"line":7,"column":915}},{"start":{"line":7,"column":752},"end":{"line":7,"column":915}}]},"12":{"loc":{"start":{"line":7,"column":756},"end":{"line":7,"column":811}},"type":"binary-expr","locations":[{"start":{"line":7,"column":756},"end":{"line":7,"column":788}},{"start":{"line":7,"column":792},"end":{"line":7,"column":811}}]},"13":{"loc":{"start":{"line":7,"column":950},"end":{"line":7,"column":984}},"type":"binary-expr","locations":[{"start":{"line":7,"column":950},"end":{"line":7,"column":960}},{"start":{"line":7,"column":964},"end":{"line":7,"column":984}}]},"14":{"loc":{"start":{"line":7,"column":1079},"end":{"line":7,"column":1197}},"type":"if","locations":[{"start":{"line":7,"column":1079},"end":{"line":7,"column":1197}},{"start":{"line":7,"column":1079},"end":{"line":7,"column":1197}}]},"15":{"loc":{"start":{"line":7,"column":1095},"end":{"line":7,"column":1196}},"type":"cond-expr","locations":[{"start":{"line":7,"column":1119},"end":{"line":7,"column":1162}},{"start":{"line":7,"column":1165},"end":{"line":7,"column":1196}}]},"16":{"loc":{"start":{"line":35,"column":172},"end":{"line":35,"column":231}},"type":"binary-expr","locations":[{"start":{"line":35,"column":172},"end":{"line":35,"column":193}},{"start":{"line":35,"column":197},"end":{"line":35,"column":231}}]},"17":{"loc":{"start":{"line":51,"column":10},"end":{"line":54,"column":11}},"type":"if","locations":[{"start":{"line":51,"column":10},"end":{"line":54,"column":11}},{"start":{"line":51,"column":10},"end":{"line":54,"column":11}}]},"18":{"loc":{"start":{"line":126,"column":164},"end":{"line":126,"column":233}},"type":"cond-expr","locations":[{"start":{"line":126,"column":185},"end":{"line":126,"column":228}},{"start":{"line":126,"column":231},"end":{"line":126,"column":233}}]},"19":{"loc":{"start":{"line":127,"column":164},"end":{"line":127,"column":233}},"type":"cond-expr","locations":[{"start":{"line":127,"column":185},"end":{"line":127,"column":228}},{"start":{"line":127,"column":231},"end":{"line":127,"column":233}}]},"20":{"loc":{"start":{"line":128,"column":161},"end":{"line":128,"column":230}},"type":"cond-expr","locations":[{"start":{"line":128,"column":182},"end":{"line":128,"column":225}},{"start":{"line":128,"column":228},"end":{"line":128,"column":230}}]},"21":{"loc":{"start":{"line":129,"column":164},"end":{"line":129,"column":233}},"type":"cond-expr","locations":[{"start":{"line":129,"column":185},"end":{"line":129,"column":228}},{"start":{"line":129,"column":231},"end":{"line":129,"column":233}}]},"22":{"loc":{"start":{"line":130,"column":163},"end":{"line":130,"column":232}},"type":"cond-expr","locations":[{"start":{"line":130,"column":184},"end":{"line":130,"column":227}},{"start":{"line":130,"column":230},"end":{"line":130,"column":232}}]}},"s":{"0":0,"1":0,"2":0,"3":0,"4":0,"5":0,"6":0,"7":0,"8":0,"9":0,"10":0,"11":0,"12":0,"13":0,"14":0,"15":0,"16":0,"17":0,"18":0,"19":0,"20":0,"21":0,"22":0,"23":0,"24":0,"25":0,"26":0,"27":0,"28":0,"29":0,"30":0,"31":0,"32":0,"33":0,"34":0,"35":0,"36":0,"37":0,"38":0,"39":0,"40":0,"41":0,"42":0,"43":0,"44":0,"45":0,"46":0,"47":0,"48":0,"49":0,"50":0,"51":0,"52":0,"53":0,"54":0,"55":0,"56":0,"57":0,"58":0,"59":0,"60":0,"61":0,"62":0,"63":0,"64":0,"65":0,"66":0,"67":0,"68":0,"69":0,"70":0,"71":0,"72":0},"f":{"0":0,"1":0,"2":0,"3":0,"4":0,"5":0,"6":0,"7":0,"8":0,"9":0,"10":0,"11":0,"12":0,"13":0,"14":0,"15":0,"16":0},"b":{"0":[0,0],"1":[0,0],"2":[0,0],"3":[0,0],"4":[0,0],"5":[0,0],"6":[0,0],"7":[0,0],"8":[0,0],"9":[0,0],"10":[0,0,0],"11":[0,0],"12":[0,0],"13":[0,0],"14":[0,0],"15":[0,0],"16":[0,0],"17":[0,0],"18":[0,0],"19":[0,0],"20":[0,0],"21":[0,0],"22":[0,0]}}
,"/Users/scottclayton/Sites/red-smash/imports/ui/components/NavBar/index.js": {"path":"/Users/scottclayton/Sites/red-smash/imports/ui/components/NavBar/index.js","statementMap":{"0":{"start":{"line":1,"column":13},"end":{"line":1,"column":75}},"1":{"start":{"line":1,"column":94},"end":{"line":1,"column":623}},"2":{"start":{"line":1,"column":149},"end":{"line":1,"column":414}},"3":{"start":{"line":1,"column":206},"end":{"line":1,"column":214}},"4":{"start":{"line":1,"column":215},"end":{"line":1,"column":270}},"5":{"start":{"line":1,"column":270},"end":{"line":1,"column":301}},"6":{"start":{"line":1,"column":301},"end":{"line":1,"column":355}},"7":{"start":{"line":1,"column":328},"end":{"line":1,"column":355}},"8":{"start":{"line":1,"column":355},"end":{"line":1,"column":413}},"9":{"start":{"line":1,"column":415},"end":{"line":1,"column":620}},"10":{"start":{"line":1,"column":471},"end":{"line":1,"column":539}},"11":{"start":{"line":1,"column":487},"end":{"line":1,"column":539}},"12":{"start":{"line":1,"column":539},"end":{"line":1,"column":599}},"13":{"start":{"line":1,"column":556},"end":{"line":1,"column":599}},"14":{"start":{"line":1,"column":599},"end":{"line":1,"column":618}},"15":{"start":{"line":1,"column":637},"end":{"line":1,"column":653}},"16":{"start":{"line":1,"column":668},"end":{"line":1,"column":698}},"17":{"start":{"line":2,"column":23},"end":{"line":2,"column":58}},"18":{"start":{"line":3,"column":16},"end":{"line":3,"column":36}},"19":{"start":{"line":3,"column":54},"end":{"line":3,"column":87}},"20":{"start":{"line":4,"column":19},"end":{"line":4,"column":42}},"21":{"start":{"line":4,"column":81},"end":{"line":4,"column":135}},"22":{"start":{"line":4,"column":185},"end":{"line":4,"column":284}},"23":{"start":{"line":4,"column":226},"end":{"line":4,"column":283}},"24":{"start":{"line":4,"column":334},"end":{"line":4,"column":433}},"25":{"start":{"line":4,"column":346},"end":{"line":4,"column":432}},"26":{"start":{"line":4,"column":433},"end":{"line":4,"column":519}},"27":{"start":{"line":4,"column":562},"end":{"line":4,"column":725}},"28":{"start":{"line":4,"column":624},"end":{"line":4,"column":724}},"29":{"start":{"line":4,"column":725},"end":{"line":4,"column":889}},"30":{"start":{"line":4,"column":889},"end":{"line":4,"column":1007}},"31":{"start":{"line":4,"column":905},"end":{"line":4,"column":1007}},"32":{"start":{"line":6,"column":13},"end":{"line":15,"column":26}},"33":{"start":{"line":19,"column":9},"end":{"line":31,"column":43}},"34":{"start":{"line":19,"column":32},"end":{"line":19,"column":62}},"35":{"start":{"line":19,"column":81},"end":{"line":19,"column":111}},"36":{"start":{"line":19,"column":111},"end":{"line":19,"column":227}},"37":{"start":{"line":19,"column":228},"end":{"line":31,"column":10}},"38":{"start":{"line":21,"column":6},"end":{"line":26,"column":214}},"39":{"start":{"line":31,"column":10},"end":{"line":31,"column":24}},"40":{"start":{"line":31,"column":44},"end":{"line":31,"column":69}}},"fnMap":{"0":{"name":"(anonymous_0)","decl":{"start":{"line":1,"column":94},"end":{"line":1,"column":95}},"loc":{"start":{"line":1,"column":106},"end":{"line":1,"column":621}}},"1":{"name":"defineProperties","decl":{"start":{"line":1,"column":116},"end":{"line":1,"column":132}},"loc":{"start":{"line":1,"column":148},"end":{"line":1,"column":415}}},"2":{"name":"(anonymous_2)","decl":{"start":{"line":1,"column":422},"end":{"line":1,"column":423}},"loc":{"start":{"line":1,"column":470},"end":{"line":1,"column":619}}},"3":{"name":"_interopRequireDefault","decl":{"start":{"line":4,"column":52},"end":{"line":4,"column":74}},"loc":{"start":{"line":4,"column":80},"end":{"line":4,"column":136}}},"4":{"name":"_classCallCheck","decl":{"start":{"line":4,"column":145},"end":{"line":4,"column":160}},"loc":{"start":{"line":4,"column":184},"end":{"line":4,"column":285}}},"5":{"name":"_possibleConstructorReturn","decl":{"start":{"line":4,"column":294},"end":{"line":4,"column":320}},"loc":{"start":{"line":4,"column":333},"end":{"line":4,"column":520}}},"6":{"name":"_inherits","decl":{"start":{"line":4,"column":529},"end":{"line":4,"column":538}},"loc":{"start":{"line":4,"column":561},"end":{"line":4,"column":1008}}},"7":{"name":"(anonymous_7)","decl":{"start":{"line":19,"column":9},"end":{"line":19,"column":10}},"loc":{"start":{"line":19,"column":31},"end":{"line":31,"column":25}}},"8":{"name":"NavBar","decl":{"start":{"line":19,"column":71},"end":{"line":19,"column":77}},"loc":{"start":{"line":19,"column":80},"end":{"line":19,"column":228}}},"9":{"name":"render","decl":{"start":{"line":19,"column":283},"end":{"line":19,"column":289}},"loc":{"start":{"line":20,"column":4},"end":{"line":31,"column":5}}}},"branchMap":{"0":{"loc":{"start":{"line":1,"column":239},"end":{"line":1,"column":269}},"type":"binary-expr","locations":[{"start":{"line":1,"column":239},"end":{"line":1,"column":260}},{"start":{"line":1,"column":264},"end":{"line":1,"column":269}}]},"1":{"loc":{"start":{"line":1,"column":301},"end":{"line":1,"column":355}},"type":"if","locations":[{"start":{"line":1,"column":301},"end":{"line":1,"column":355}},{"start":{"line":1,"column":301},"end":{"line":1,"column":355}}]},"2":{"loc":{"start":{"line":1,"column":471},"end":{"line":1,"column":539}},"type":"if","locations":[{"start":{"line":1,"column":471},"end":{"line":1,"column":539}},{"start":{"line":1,"column":471},"end":{"line":1,"column":539}}]},"3":{"loc":{"start":{"line":1,"column":539},"end":{"line":1,"column":599}},"type":"if","locations":[{"start":{"line":1,"column":539},"end":{"line":1,"column":599}},{"start":{"line":1,"column":539},"end":{"line":1,"column":599}}]},"4":{"loc":{"start":{"line":4,"column":88},"end":{"line":4,"column":134}},"type":"cond-expr","locations":[{"start":{"line":4,"column":112},"end":{"line":4,"column":115}},{"start":{"line":4,"column":118},"end":{"line":4,"column":134}}]},"5":{"loc":{"start":{"line":4,"column":88},"end":{"line":4,"column":109}},"type":"binary-expr","locations":[{"start":{"line":4,"column":88},"end":{"line":4,"column":91}},{"start":{"line":4,"column":95},"end":{"line":4,"column":109}}]},"6":{"loc":{"start":{"line":4,"column":185},"end":{"line":4,"column":284}},"type":"if","locations":[{"start":{"line":4,"column":185},"end":{"line":4,"column":284}},{"start":{"line":4,"column":185},"end":{"line":4,"column":284}}]},"7":{"loc":{"start":{"line":4,"column":334},"end":{"line":4,"column":433}},"type":"if","locations":[{"start":{"line":4,"column":334},"end":{"line":4,"column":433}},{"start":{"line":4,"column":334},"end":{"line":4,"column":433}}]},"8":{"loc":{"start":{"line":4,"column":440},"end":{"line":4,"column":518}},"type":"cond-expr","locations":[{"start":{"line":4,"column":507},"end":{"line":4,"column":511}},{"start":{"line":4,"column":514},"end":{"line":4,"column":518}}]},"9":{"loc":{"start":{"line":4,"column":440},"end":{"line":4,"column":504}},"type":"binary-expr","locations":[{"start":{"line":4,"column":440},"end":{"line":4,"column":444}},{"start":{"line":4,"column":449},"end":{"line":4,"column":473}},{"start":{"line":4,"column":477},"end":{"line":4,"column":503}}]},"10":{"loc":{"start":{"line":4,"column":562},"end":{"line":4,"column":725}},"type":"if","locations":[{"start":{"line":4,"column":562},"end":{"line":4,"column":725}},{"start":{"line":4,"column":562},"end":{"line":4,"column":725}}]},"11":{"loc":{"start":{"line":4,"column":566},"end":{"line":4,"column":621}},"type":"binary-expr","locations":[{"start":{"line":4,"column":566},"end":{"line":4,"column":598}},{"start":{"line":4,"column":602},"end":{"line":4,"column":621}}]},"12":{"loc":{"start":{"line":4,"column":760},"end":{"line":4,"column":794}},"type":"binary-expr","locations":[{"start":{"line":4,"column":760},"end":{"line":4,"column":770}},{"start":{"line":4,"column":774},"end":{"line":4,"column":794}}]},"13":{"loc":{"start":{"line":4,"column":889},"end":{"line":4,"column":1007}},"type":"if","locations":[{"start":{"line":4,"column":889},"end":{"line":4,"column":1007}},{"start":{"line":4,"column":889},"end":{"line":4,"column":1007}}]},"14":{"loc":{"start":{"line":4,"column":905},"end":{"line":4,"column":1006}},"type":"cond-expr","locations":[{"start":{"line":4,"column":929},"end":{"line":4,"column":972}},{"start":{"line":4,"column":975},"end":{"line":4,"column":1006}}]},"15":{"loc":{"start":{"line":19,"column":152},"end":{"line":19,"column":201}},"type":"binary-expr","locations":[{"start":{"line":19,"column":152},"end":{"line":19,"column":168}},{"start":{"line":19,"column":172},"end":{"line":19,"column":201}}]}},"s":{"0":0,"1":0,"2":0,"3":0,"4":0,"5":0,"6":0,"7":0,"8":0,"9":0,"10":0,"11":0,"12":0,"13":0,"14":0,"15":0,"16":0,"17":0,"18":0,"19":0,"20":0,"21":0,"22":0,"23":0,"24":0,"25":0,"26":0,"27":0,"28":0,"29":0,"30":0,"31":0,"32":0,"33":0,"34":0,"35":0,"36":0,"37":0,"38":0,"39":0,"40":0},"f":{"0":0,"1":0,"2":0,"3":0,"4":0,"5":0,"6":0,"7":0,"8":0,"9":0},"b":{"0":[0,0],"1":[0,0],"2":[0,0],"3":[0,0],"4":[0,0],"5":[0,0],"6":[0,0],"7":[0,0],"8":[0,0],"9":[0,0,0],"10":[0,0],"11":[0,0],"12":[0,0],"13":[0,0],"14":[0,0],"15":[0,0]}}
,"/Users/scottclayton/Sites/red-smash/imports/ui/components/PlayersTable/index.js": {"path":"/Users/scottclayton/Sites/red-smash/imports/ui/components/PlayersTable/index.js","statementMap":{"0":{"start":{"line":1,"column":13},"end":{"line":1,"column":75}},"1":{"start":{"line":1,"column":94},"end":{"line":1,"column":623}},"2":{"start":{"line":1,"column":149},"end":{"line":1,"column":414}},"3":{"start":{"line":1,"column":206},"end":{"line":1,"column":214}},"4":{"start":{"line":1,"column":215},"end":{"line":1,"column":270}},"5":{"start":{"line":1,"column":270},"end":{"line":1,"column":301}},"6":{"start":{"line":1,"column":301},"end":{"line":1,"column":355}},"7":{"start":{"line":1,"column":328},"end":{"line":1,"column":355}},"8":{"start":{"line":1,"column":355},"end":{"line":1,"column":413}},"9":{"start":{"line":1,"column":415},"end":{"line":1,"column":620}},"10":{"start":{"line":1,"column":471},"end":{"line":1,"column":539}},"11":{"start":{"line":1,"column":487},"end":{"line":1,"column":539}},"12":{"start":{"line":1,"column":539},"end":{"line":1,"column":599}},"13":{"start":{"line":1,"column":556},"end":{"line":1,"column":599}},"14":{"start":{"line":1,"column":599},"end":{"line":1,"column":618}},"15":{"start":{"line":1,"column":637},"end":{"line":1,"column":653}},"16":{"start":{"line":1,"column":668},"end":{"line":1,"column":698}},"17":{"start":{"line":2,"column":14},"end":{"line":2,"column":38}},"18":{"start":{"line":3,"column":17},"end":{"line":3,"column":46}},"19":{"start":{"line":3,"column":85},"end":{"line":3,"column":139}},"20":{"start":{"line":3,"column":189},"end":{"line":3,"column":288}},"21":{"start":{"line":3,"column":230},"end":{"line":3,"column":287}},"22":{"start":{"line":3,"column":338},"end":{"line":3,"column":437}},"23":{"start":{"line":3,"column":350},"end":{"line":3,"column":436}},"24":{"start":{"line":3,"column":437},"end":{"line":3,"column":523}},"25":{"start":{"line":3,"column":566},"end":{"line":3,"column":729}},"26":{"start":{"line":3,"column":628},"end":{"line":3,"column":728}},"27":{"start":{"line":3,"column":729},"end":{"line":3,"column":893}},"28":{"start":{"line":3,"column":893},"end":{"line":3,"column":1011}},"29":{"start":{"line":3,"column":909},"end":{"line":3,"column":1011}},"30":{"start":{"line":5,"column":15},"end":{"line":30,"column":49}},"31":{"start":{"line":5,"column":38},"end":{"line":5,"column":74}},"32":{"start":{"line":5,"column":99},"end":{"line":5,"column":135}},"33":{"start":{"line":5,"column":135},"end":{"line":5,"column":263}},"34":{"start":{"line":5,"column":264},"end":{"line":30,"column":10}},"35":{"start":{"line":7,"column":6},"end":{"line":26,"column":18}},"36":{"start":{"line":19,"column":14},"end":{"line":24,"column":127}},"37":{"start":{"line":30,"column":10},"end":{"line":30,"column":30}},"38":{"start":{"line":30,"column":50},"end":{"line":30,"column":81}},"39":{"start":{"line":33,"column":0},"end":{"line":34,"column":47}}},"fnMap":{"0":{"name":"(anonymous_0)","decl":{"start":{"line":1,"column":94},"end":{"line":1,"column":95}},"loc":{"start":{"line":1,"column":106},"end":{"line":1,"column":621}}},"1":{"name":"defineProperties","decl":{"start":{"line":1,"column":116},"end":{"line":1,"column":132}},"loc":{"start":{"line":1,"column":148},"end":{"line":1,"column":415}}},"2":{"name":"(anonymous_2)","decl":{"start":{"line":1,"column":422},"end":{"line":1,"column":423}},"loc":{"start":{"line":1,"column":470},"end":{"line":1,"column":619}}},"3":{"name":"_interopRequireDefault","decl":{"start":{"line":3,"column":56},"end":{"line":3,"column":78}},"loc":{"start":{"line":3,"column":84},"end":{"line":3,"column":140}}},"4":{"name":"_classCallCheck","decl":{"start":{"line":3,"column":149},"end":{"line":3,"column":164}},"loc":{"start":{"line":3,"column":188},"end":{"line":3,"column":289}}},"5":{"name":"_possibleConstructorReturn","decl":{"start":{"line":3,"column":298},"end":{"line":3,"column":324}},"loc":{"start":{"line":3,"column":337},"end":{"line":3,"column":524}}},"6":{"name":"_inherits","decl":{"start":{"line":3,"column":533},"end":{"line":3,"column":542}},"loc":{"start":{"line":3,"column":565},"end":{"line":3,"column":1012}}},"7":{"name":"(anonymous_7)","decl":{"start":{"line":5,"column":15},"end":{"line":5,"column":16}},"loc":{"start":{"line":5,"column":37},"end":{"line":30,"column":31}}},"8":{"name":"PlayersTable","decl":{"start":{"line":5,"column":83},"end":{"line":5,"column":95}},"loc":{"start":{"line":5,"column":98},"end":{"line":5,"column":264}}},"9":{"name":"render","decl":{"start":{"line":5,"column":325},"end":{"line":5,"column":331}},"loc":{"start":{"line":6,"column":4},"end":{"line":30,"column":5}}},"10":{"name":"(anonymous_10)","decl":{"start":{"line":18,"column":80},"end":{"line":18,"column":81}},"loc":{"start":{"line":18,"column":109},"end":{"line":26,"column":13}}}},"branchMap":{"0":{"loc":{"start":{"line":1,"column":239},"end":{"line":1,"column":269}},"type":"binary-expr","locations":[{"start":{"line":1,"column":239},"end":{"line":1,"column":260}},{"start":{"line":1,"column":264},"end":{"line":1,"column":269}}]},"1":{"loc":{"start":{"line":1,"column":301},"end":{"line":1,"column":355}},"type":"if","locations":[{"start":{"line":1,"column":301},"end":{"line":1,"column":355}},{"start":{"line":1,"column":301},"end":{"line":1,"column":355}}]},"2":{"loc":{"start":{"line":1,"column":471},"end":{"line":1,"column":539}},"type":"if","locations":[{"start":{"line":1,"column":471},"end":{"line":1,"column":539}},{"start":{"line":1,"column":471},"end
[...]
:16878},"end":{"line":1,"column":16899}},{"start":{"line":1,"column":16878},"end":{"line":1,"column":16899}}]},"129":{"loc":{"start":{"line":1,"column":16968},"end":{"line":1,"column":17123}},"type":"if","locations":[{"start":{"line":1,"column":16968},"end":{"line":1,"column":17123}},{"start":{"line":1,"column":16968},"end":{"line":1,"column":17123}}]},"130":{"loc":{"start":{"line":1,"column":16972},"end":{"line":1,"column":17103}},"type":"binary-expr","locations":[{"start":{"line":1,"column":16973},"end":{"line":1,"column":16993}},{"start":{"line":1,"column":16997},"end":{"line":1,"column":17018}},{"start":{"line":1,"column":17022},"end":{"line":1,"column":17042}},{"start":{"line":1,"column":17047},"end":{"line":1,"column":17059}},{"start":{"line":1,"column":17063},"end":{"line":1,"column":17103}}]},"131":{"loc":{"start":{"line":1,"column":17124},"end":{"line":1,"column":17330}},"type":"if","locations":[{"start":{"line":1,"column":17124},"end":{"line":1,"column":17330}},{"start":{"line":1,"column":17124},"end":{"line":1,"column":17330}}]},"132":{"loc":{"start":{"line":1,"column":17194},"end":{"line":1,"column":17244}},"type":"cond-expr","locations":[{"start":{"line":1,"column":17199},"end":{"line":1,"column":17236}},{"start":{"line":1,"column":17239},"end":{"line":1,"column":17244}}]},"133":{"loc":{"start":{"line":1,"column":17199},"end":{"line":1,"column":17236}},"type":"cond-expr","locations":[{"start":{"line":1,"column":17223},"end":{"line":1,"column":17229}},{"start":{"line":1,"column":17232},"end":{"line":1,"column":17236}}]},"134":{"loc":{"start":{"line":1,"column":17199},"end":{"line":1,"column":17220}},"type":"binary-expr","locations":[{"start":{"line":1,"column":17199},"end":{"line":1,"column":17204}},{"start":{"line":1,"column":17208},"end":{"line":1,"column":17220}}]},"135":{"loc":{"start":{"line":1,"column":17245},"end":{"line":1,"column":17265}},"type":"if","locations":[{"start":{"line":1,"column":17245},"end":{"line":1,"column":17265}},{"start":{"line":1,"column":17245},"end":{"line":1,"column":17265}}]},"136":{"loc":{"start":{"line":1,"column":17332},"end":{"line":1,"column":17394}},"type":"if","locations":[{"start":{"line":1,"column":17332},"end":{"line":1,"column":17394}},{"start":{"line":1,"column":17332},"end":{"line":1,"column":17394}}]},"137":{"loc":{"start":{"line":1,"column":17378},"end":{"line":1,"column":17393}},"type":"if","locations":[{"start":{"line":1,"column":17378},"end":{"line":1,"column":17393}},{"start":{"line":1,"column":17378},"end":{"line":1,"column":17393}}]}},"s":{"0":0,"1":0,"2":0,"3":0,"4":0,"5":0,"6":0,"7":0,"8":0,"9":0,"10":0,"11":0,"12":0,"13":0,"14":0,"15":0,"16":0,"17":0,"18":0,"19":0,"20":0,"21":0,"22":0,"23":0,"24":0,"25":0,"26":0,"27":0,"28":0,"29":0,"30":0,"31":0,"32":0,"33":0,"34":0,"35":0,"36":0,"37":0,"38":0,"39":0,"40":0,"41":0,"42":0,"43":0,"44":0,"45":0,"46":0,"47":0,"48":0,"49":0,"50":0,"51":0,"52":0,"53":0,"54":0,"55":0,"56":0,"57":0,"58":0,"59":0,"60":0,"61":0,"62":0,"63":0,"64":0,"65":0,"66":0,"67":0,"68":0,"69":0,"70":0,"71":0,"72":0,"73":0,"74":0,"75":0,"76":0,"77":0,"78":0,"79":0,"80":0,"81":0,"82":0,"83":0,"84":0,"85":0,"86":0,"87":0,"88":0,"89":0,"90":0,"91":0,"92":0,"93":0,"94":0,"95":0,"96":0,"97":0,"98":0,"99":0,"100":0,"101":0,"102":0,"103":0,"104":0,"105":0,"106":0,"107":0,"108":0,"109":0,"110":0,"111":0,"112":0,"113":0,"114":0,"115":0,"116":0,"117":0,"118":0,"119":0,"120":0,"121":0,"122":0,"123":0,"124":0,"125":0,"126":0,"127":0,"128":0,"129":0,"130":0,"131":0,"132":0,"133":0,"134":0,"135":0,"136":0,"137":0,"138":0,"139":0,"140":0,"141":0,"142":0,"143":0,"144":0,"145":0,"146":0,"147":0,"148":0,"149":0,"150":0,"151":0,"152":0,"153":0,"154":0,"155":0,"156":0,"157":0,"158":0,"159":0,"160":0,"161":0,"162":0,"163":0,"164":0,"165":0,"166":0,"167":0,"168":0,"169":0,"170":0,"171":0,"172":0,"173":0,"174":0,"175":0,"176":0,"177":0,"178":0,"179":0,"180":0,"181":0,"182":0,"183":0,"184":0,"185":0,"186":0,"187":0,"188":0,"189":0,"190":0,"191":0,"192":0,"193":0,"194":0,"195":0,"196":0,"197":0,"198":0,"199":0,"200":0,"201":0,"202":0,"203":0,"204":0,"205":0,"206":0,"207":0,"208":0,"209":0,"210":0,"211":0,"212":0,"213":0,"214":0,"215":0,"216":0,"217":0,"218":0,"219":0,"220":0,"221":0,"222":0,"223":0,"224":0,"225":0,"226":0,"227":0,"228":0,"229":0,"230":0,"231":0,"232":0,"233":0,"234":0,"235":0,"236":0,"237":0,"238":0,"239":0,"240":0,"241":0,"242":0,"243":0,"244":0,"245":0,"246":0,"247":0,"248":0,"249":0,"250":0,"251":0,"252":0,"253":0,"254":0,"255":0,"256":0,"257":0,"258":0,"259":0,"260":0,"261":0,"262":0,"263":0,"264":0,"265":0,"266":0,"267":0,"268":0,"269":0,"270":0,"271":0,"272":0,"273":0,"274":0,"275":0,"276":0,"277":0,"278":0,"279":0,"280":0,"281":0,"282":0,"283":0,"284":0,"285":0,"286":0,"287":0,"288":0,"289":0,"290":0,"291":0,"292":0,"293":0,"294":0,"295":0,"296":0,"297":0,"298":0,"299":0,"300":0,"301":0,"302":0,"303":0,"304":0,"305":0,"306":0,"307":0,"308":0,"309":0,"310":0,"311":0,"312":0,"313":0,"314":0,"315":0,"316":0,"317":0,"318":0,"319":0,"320":0,"321":0,"322":0,"323":0,"324":0,"325":0,"326":0,"327":0,"328":0,"329":0,"330":0,"331":0,"332":0,"333":0,"334":0,"335":0,"336":0,"337":0,"338":0,"339":0,"340":0,"341":0,"342":0,"343":0,"344":0,"345":0,"346":0,"347":0,"348":0,"349":0,"350":0,"351":0,"352":0,"353":0,"354":0,"355":0,"356":0,"357":0,"358":0,"359":0,"360":0,"361":0,"362":0,"363":0,"364":0,"365":0,"366":0,"367":0,"368":0,"369":0,"370":0,"371":0,"372":0,"373":0,"374":0,"375":0,"376":0,"377":0,"378":0,"379":0,"380":0,"381":0,"382":0,"383":0,"384":0,"385":0,"386":0,"387":0,"388":0,"389":0,"390":0,"391":0,"392":0,"393":0,"394":0,"395":0,"396":0,"397":0,"398":0,"399":0,"400":0,"401":0,"402":0,"403":0,"404":0,"405":0,"406":0,"407":0,"408":0,"409":0,"410":0,"411":0,"412":0,"413":0,"414":0,"415":0,"416":0,"417":0,"418":0,"419":0,"420":0,"421":0,"422":0,"423":0,"424":0,"425":0,"426":0,"427":0,"428":0,"429":0,"430":0,"431":0,"432":0,"433":0,"434":0,"435":0,"436":0,"437":0,"438":0,"439":0,"440":0,"441":0,"442":0,"443":0,"444":0,"445":0,"446":0,"447":0,"448":0,"449":0,"450":0,"451":0,"452":0,"453":0,"454":0,"455":0,"456":0,"457":0,"458":0,"459":0,"460":0,"461":0,"462":0,"463":0,"464":0,"465":0,"466":0,"467":0,"468":0,"469":0,"470":0,"471":0,"472":0,"473":0,"474":0,"475":0,"476":0,"477":0,"478":0,"479":0,"480":0,"481":0,"482":0,"483":0,"484":0,"485":0,"486":0,"487":0,"488":0,"489":0,"490":0,"491":0,"492":0,"493":0,"494":0,"495":0,"496":0,"497":0,"498":0,"499":0,"500":0,"501":0},"f":{"0":0,"1":0,"2":0,"3":0,"4":0,"5":0,"6":0,"7":0,"8":0,"9":0,"10":0,"11":0,"12":0,"13":0,"14":0,"15":0,"16":0,"17":0,"18":0,"19":0,"20":0,"21":0,"22":0,"23":0,"24":0,"25":0,"26":0,"27":0,"28":0},"b":{"0":[0,0],"1":[0,0],"2":[0,0],"3":[0,0],"4":[0,0],"5":[0,0],"6":[0,0],"7":[0,0],"8":[0,0],"9":[0,0],"10":[0,0],"11":[0,0,0,0],"12":[0,0],"13":[0,0],"14":[0,0],"15":[0,0],"16":[0,0],"17":[0,0],"18":[0,0],"19":[0,0],"20":[0,0],"21":[0,0],"22":[0,0],"23":[0,0],"24":[0,0],"25":[0,0],"26":[0,0],"27":[0,0],"28":[0,0],"29":[0,0],"30":[0,0],"31":[0,0],"32":[0,0],"33":[0,0],"34":[0,0],"35":[0,0],"36":[0,0],"37":[0,0],"38":[0,0],"39":[0,0],"40":[0,0],"41":[0,0],"42":[0,0],"43":[0,0],"44":[0,0],"45":[0,0],"46":[0,0],"47":[0,0],"48":[0,0],"49":[0,0,0],"50":[0,0],"51":[0,0],"52":[0,0],"53":[0,0],"54":[0,0],"55":[0,0],"56":[0,0],"57":[0,0],"58":[0,0],"59":[0,0],"60":[0,0],"61":[0,0],"62":[0,0],"63":[0,0],"64":[0,0],"65":[0,0],"66":[0,0],"67":[0,0],"68":[0,0],"69":[0,0],"70":[0,0],"71":[0,0],"72":[0,0],"73":[0,0],"74":[0,0],"75":[0,0],"76":[0,0],"77":[0,0],"78":[0,0],"79":[0,0],"80":[0,0],"81":[0,0],"82":[0,0],"83":[0,0],"84":[0,0],"85":[0,0],"86":[0,0],"87":[0,0],"88":[0,0,0],"89":[0,0],"90":[0,0],"91":[0,0],"92":[0,0],"93":[0,0],"94":[0,0],"95":[0,0],"96":[0,0],"97":[0,0],"98":[0,0],"99":[0,0],"100":[0,0],"101":[0,0],"102":[0,0],"103":[0,0],"104":[0,0],"105":[0,0],"106":[0,0],"107":[0,0],"108":[0,0],"109":[0,0],"110":[0,0],"111":[0,0],"112":[0,0],"113":[0,0],"114":[0,0],"115":[0,0],"116":[0,0],"117":[0,0],"118":[0,0],"119":[0,0],"120":[0,0],"121":[0,0],"122":[0,0],"123":[0,0],"124":[0,0],"125":[0,0],"126":[0,0],"127":[0,0,0],"128":[0,0],"129":[0,0],"130":[0,0,0,0,0],"131":[0,0],"132":[0,0],"133":[0,0],"134":[0,0],"135":[0,0],"136":[0,0],"137":[0,0]}}
,"/Users/scottclayton/Sites/red-smash/tests/unit/coverage/lcov-report/sorter.js": {"path":"/Users/scottclayton/Sites/red-smash/tests/unit/coverage/lcov-report/sorter.js","statementMap":{"0":{"start":{"line":1,"column":30},"end":{"line":156,"column":3}},"1":{"start":{"line":4,"column":18},"end":{"line":6,"column":21}},"2":{"start":{"line":10,"column":25},"end":{"line":10,"column":76}},"3":{"start":{"line":12,"column":31},"end":{"line":12,"column":75}},"4":{"start":{"line":14,"column":29},"end":{"line":14,"column":70}},"5":{"start":{"line":16,"column":30},"end":{"line":16,"column":80}},"6":{"start":{"line":20,"column":23},"end":{"line":20,"column":62}},"7":{"start":{"line":22,"column":15},"end":{"line":22,"column":17}},"8":{"start":{"line":26,"column":8},"end":{"line":38,"column":9}},"9":{"start":{"line":27,"column":12},"end":{"line":27,"column":34}},"10":{"start":{"line":28,"column":12},"end":{"line":31,"column":70}},"11":{"start":{"line":33,"column":12},"end":{"line":33,"column":27}},"12":{"start":{"line":34,"column":12},"end":{"line":37,"column":13}},"13":{"start":{"line":35,"column":16},"end":{"line":35,"column":60}},"14":{"start":{"line":36,"column":16},"end":{"line":36,"column":87}},"15":{"start":{"line":39,"column":8},"end":{"line":39,"column":20}},"16":{"start":{"line":44,"column":24},"end":{"line":44,"column":55}},"17":{"start":{"line":47,"column":15},"end":{"line":47,"column":17}},"18":{"start":{"line":50,"column":8},"end":{"line":58,"column":9}},"19":{"start":{"line":51,"column":12},"end":{"line":51,"column":35}},"20":{"start":{"line":52,"column":12},"end":{"line":52,"column":26}},"21":{"start":{"line":53,"column":12},"end":{"line":53,"column":53}},"22":{"start":{"line":54,"column":12},"end":{"line":56,"column":13}},"23":{"start":{"line":55,"column":16},"end":{"line":55,"column":34}},"24":{"start":{"line":57,"column":12},"end":{"line":57,"column":32}},"25":{"start":{"line":59,"column":8},"end":{"line":59,"column":20}},"26":{"start":{"line":63,"column":19},"end":{"line":63,"column":56}},"27":{"start":{"line":66,"column":8},"end":{"line":68,"column":9}},"28":{"start":{"line":67,"column":12},"end":{"line":67,"column":48}},"29":{"start":{"line":72,"column":18},"end":{"line":72,"column":33}},"30":{"start":{"line":73,"column":17},"end":{"line":77,"column":9}},"31":{"start":{"line":74,"column":12},"end":{"line":74,"column":28}},"32":{"start":{"line":75,"column":12},"end":{"line":75,"column":28}},"33":{"start":{"line":76,"column":12},"end":{"line":76,"column":46}},"34":{"start":{"line":78,"column":22},"end":{"line":78,"column":28}},"35":{"start":{"line":79,"column":20},"end":{"line":79,"column":69}},"36":{"start":{"line":80,"column":19},"end":{"line":80,"column":51}},"37":{"start":{"line":81,"column":15},"end":{"line":81,"column":17}},"38":{"start":{"line":84,"column":8},"end":{"line":88,"column":9}},"39":{"start":{"line":85,"column":12},"end":{"line":87,"column":14}},"40":{"start":{"line":86,"column":16},"end":{"line":86,"column":41}},"41":{"start":{"line":90,"column":8},"end":{"line":93,"column":9}},"42":{"start":{"line":91,"column":12},"end":{"line":91,"column":35}},"43":{"start":{"line":92,"column":12},"end":{"line":92,"column":47}},"44":{"start":{"line":95,"column":8},"end":{"line":95,"column":31}},"45":{"start":{"line":97,"column":8},"end":{"line":99,"column":9}},"46":{"start":{"line":98,"column":12},"end":{"line":98,"column":43}},"47":{"start":{"line":103,"column":18},"end":{"line":103,"column":49}},"48":{"start":{"line":104,"column":14},"end":{"line":104,"column":27}},"49":{"start":{"line":106,"column":8},"end":{"line":106,"column":71}},"50":{"start":{"line":107,"column":8},"end":{"line":107,"column":28}},"51":{"start":{"line":111,"column":8},"end":{"line":111,"column":99}},"52":{"start":{"line":117,"column":20},"end":{"line":132,"column":9}},"53":{"start":{"line":118,"column":22},"end":{"line":118,"column":29}},"54":{"start":{"line":120,"column":12},"end":{"line":131,"column":14}},"55":{"start":{"line":121,"column":27},"end":{"line":121,"column":46}},"56":{"start":{"line":123,"column":16},"end":{"line":125,"column":17}},"57":{"start":{"line":124,"column":20},"end":{"line":124,"column":45}},"58":{"start":{"line":126,"column":16},"end":{"line":126,"column":37}},"59":{"start":{"line":127,"column":16},"end":{"line":127,"column":39}},"60":{"start":{"line":128,"column":16},"end":{"line":128,"column":38}},"61":{"start":{"line":129,"column":16},"end":{"line":129,"column":40}},"62":{"start":{"line":130,"column":16},"end":{"line":130,"column":36}},"63":{"start":{"line":133,"column":8},"end":{"line":144,"column":9}},"64":{"start":{"line":134,"column":12},"end":{"line":143,"column":13}},"65":{"start":{"line":137,"column":16},"end":{"line":137,"column":76}},"66":{"start":{"line":138,"column":16},"end":{"line":142,"column":17}},"67":{"start":{"line":139,"column":20},"end":{"line":139,"column":63}},"68":{"start":{"line":141,"column":20},"end":{"line":141,"column":60}},"69":{"start":{"line":147,"column":4},"end":{"line":155,"column":6}},"70":{"start":{"line":148,"column":8},"end":{"line":150,"column":9}},"71":{"start":{"line":149,"column":12},"end":{"line":149,"column":19}},"72":{"start":{"line":151,"column":8},"end":{"line":151,"column":29}},"73":{"start":{"line":152,"column":8},"end":{"line":152,"column":23}},"74":{"start":{"line":153,"column":8},"end":{"line":153,"column":28}},"75":{"start":{"line":154,"column":8},"end":{"line":154,"column":19}},"76":{"start":{"line":158,"column":0},"end":{"line":158,"column":44}}},"fnMap":{"0":{"name":"(anonymous_0)","decl":{"start":{"line":1,"column":30},"end":{"line":1,"column":31}},"loc":{"start":{"line":1,"column":42},"end":{"line":156,"column":1}}},"1":{"name":"getTable","decl":{"start":{"line":10,"column":13},"end":{"line":10,"column":21}},"loc":{"start":{"line":10,"column":24},"end":{"line":10,"column":77}}},"2":{"name":"getTableHeader","decl":{"start":{"line":12,"column":13},"end":{"line":12,"column":27}},"loc":{"start":{"line":12,"column":30},"end":{"line":12,"column":76}}},"3":{"name":"getTableBody","decl":{"start":{"line":14,"column":13},"end":{"line":14,"column":25}},"loc":{"start":{"line":14,"column":28},"end":{"line":14,"column":71}}},"4":{"name":"getNthColumn","decl":{"start":{"line":16,"column":13},"end":{"line":16,"column":25}},"loc":{"start":{"line":16,"column":29},"end":{"line":16,"column":81}}},"5":{"name":"loadColumns","decl":{"start":{"line":19,"column":13},"end":{"line":19,"column":24}},"loc":{"start":{"line":19,"column":27},"end":{"line":40,"column":5}}},"6":{"name":"loadRowData","decl":{"start":{"line":43,"column":13},"end":{"line":43,"column":24}},"loc":{"start":{"line":43,"column":35},"end":{"line":60,"column":5}}},"7":{"name":"loadData","decl":{"start":{"line":62,"column":13},"end":{"line":62,"column":21}},"loc":{"start":{"line":62,"column":24},"end":{"line":69,"column":5}}},"8":{"name":"sortByIndex","decl":{"start":{"line":71,"column":13},"end":{"line":71,"column":24}},"loc":{"start":{"line":71,"column":38},"end":{"line":100,"column":5}}},"9":{"name":"sorter","decl":{"start":{"line":73,"column":26},"end":{"line":73,"column":32}},"loc":{"start":{"line":73,"column":39},"end":{"line":77,"column":9}}},"10":{"name":"finalSorter","decl":{"start":{"line":85,"column":35},"end":{"line":85,"column":46}},"loc":{"start":{"line":85,"column":53},"end":{"line":87,"column":13}}},"11":{"name":"removeSortIndicators","decl":{"start":{"line":102,"column":13},"end":{"line":102,"column":33}},"loc":{"start":{"line":102,"column":36},"end":{"line":108,"column":5}}},"12":{"name":"addSortIndicators","decl":{"start":{"line":110,"column":13},"end":{"line":110,"column":30}},"loc":{"start":{"line":110,"column":33},"end":{"line":112,"column":5}}},"13":{"name":"enableUI","decl":{"start":{"line":114,"column":13},"end":{"line":114,"column":21}},"loc":{"start":{"line":114,"column":24},"end":{"line":145,"column":5}}},"14":{"name":"ithSorter","decl":{"start":{"line":117,"column":29},"end":{"line":117,"column":38}},"loc":{"start":{"line":117,"column":42},"end":{"line":132,"column":9}}},"15":{"name":"(anonymous_15)","decl":{"start":{"line":120,"column":19},"end":{"line":120,"column":20}},"loc":{"start":{"line":120,"column":31},"end":{"line":131,"column":13}}},"16":{"name":"(anonymous_16)","decl":{"start":{"line":147,"column":11},"end":{"line":147,"column":12}},"loc":{"start":{"line":147,"column":23},"end":{"line":155,"column":5}}}},"branchMap":{"0":{"loc":{"start":{"line":31,"column":22},"end":{"line":31,"column":67}},"type":"binary-expr","locations":[{"start":{"line":31,"column":22},"end":{"line":31,"column":55}},{"start":{"line":31,"column":59},"end":{"line":31,"column":67}}]},"1":{"loc":{"start":{"line":34,"column":12},"end":{"line":37,"column":13}},"type":"if","locations":[{"start":{"line":34,"column":12},"end":{"line":37,"column":13}},{"start":{"line":34,"column":12},"end":{"line":37,"column":13}}]},"2":{"loc":{"start":{"line":54,"column":12},"end":{"line":56,"column":13}},"type":"if","locations":[{"start":{"line":54,"column":12},"end":{"line":56,"column":13}},{"start":{"line":54,"column":12},"end":{"line":56,"column":13}}]},"3":{"loc":{"start":{"line":76,"column":19},"end":{"line":76,"column":45}},"type":"cond-expr","locations":[{"start":{"line":76,"column":27},"end":{"line":76,"column":29}},{"start":{"line":76,"column":32},"end":{"line":76,"column":45}}]},"4":{"loc":{"start":{"line":76,"column":32},"end":{"line":76,"column":45}},"type":"cond-expr","locations":[{"start":{"line":76,"column":40},"end":{"line":76,"column":41}},{"start":{"line":76,"column":44},"end":{"line":76,"column":45}}]},"5":{"loc":{"start":{"line":84,"column":8},"end":{"line":88,"column":9}},"type":"if","locations":[{"start":{"line":84,"column":8},"end":{"line":88,"column":9}},{"start":{"line":84,"column":8},"end":{"line":88,"column":9}}]},"6":{"loc":{"start":{"line":111,"column":53},"end":{"line":111,"column":98}},"type":"cond-expr","locations":[{"start":{"line":111,"column":72},"end":{"line":111,"column":86}},{"start":{"line":111,"column":89},"end":{"line":111,"column":98}}]},"7":{"loc":{"start":{"line":123,"column":16},"end":{"line":125,"column":17}},"type":"if","locations":[{"start":{"line":123,"column":16},"end":{"line":125,"column":17}},{"start":{"line":123,"column":16},"end":{"line":125,"column":17}}]},"8":{"loc":{"start":{"line":134,"column":12},"end":{"line":143,"column":13}},"type":"if","locations":[{"start":{"line":134,"column":12},"end":{"line":143,"column":13}},{"start":{"line":134,"column":12},"end":{"line":143,"column":13}}]},"9":{"loc":{"start":{"line":138,"column":16},"end":{"line":142,"column":17}},"type":"if","locations":[{"start":{"line":138,"column":16},"end":{"line":142,"column":17}},{"start":{"line":138,"column":16},"end":{"line":142,"column":17}}]},"10":{"loc":{"start":{"line":148,"column":8},"end":{"line":150,"column":9}},"type":"if","locations":[{"start":{"line":148,"column":8},"end":{"line":150,"column":9}},{"start":{"line":148,"column":8},"end":{"line":150,"column":9}}]}},"s":{"0":0,"1":0,"2":0,"3":0,"4":0,"5":0,"6":0,"7":0,"8":0,"9":0,"10":0,"11":0,"12":0,"13":0,"14":0,"15":0,"16":0,"17":0,"18":0,"19":0,"20":0,"21":0,"22":0,"23":0,"24":0,"25":0,"26":0,"27":0,"28":0,"29":0,"30":0,"31":0,"32":0,"33":0,"34":0,"35":0,"36":0,"37":0,"38":0,"39":0,"40":0,"41":0,"42":0,"43":0,"44":0,"45":0,"46":0,"47":0,"48":0,"49":0,"50":0,"51":0,"52":0,"53":0,"54":0,"55":0,"56":0,"57":0,"58":0,"59":0,"60":0,"61":0,"62":0,"63":0,"64":0,"65":0,"66":0,"67":0,"68":0,"69":0,"70":0,"71":0,"72":0,"73":0,"74":0,"75":0,"76":0},"f":{"0":0,"1":0,"2":0,"3":0,"4":0,"5":0,"6":0,"7":0,"8":0,"9":0,"10":0,"11":0,"12":0,"13":0,"14":0,"15":0,"16":0},"b":{"0":[0,0],"1":[0,0],"2":[0,0],"3":[0,0],"4":[0,0],"5":[0,0],"6":[0,0],"7":[0,0],"8":[0,0],"9":[0,0],"10":[0,0]}}
}
