TN:
SF:/Users/scottclayton/Sites/red-smash/nightwatch.conf.js
FNF:0
FNH:0
DA:1,0
DA:2,0
LF:2
LH:0
BRF:0
BRH:0
end_of_record
TN:
SF:/Users/scottclayton/Sites/red-smash/client/main.js
FN:7,_interopRequireDefault
FN:9,(anonymous_1)
FNF:2
FNH:0
FNDA:0,_interopRequireDefault
FNDA:0,(anonymous_1)
DA:1,0
DA:2,0
DA:3,0
DA:4,0
DA:5,0
DA:6,0
DA:7,0
DA:9,0
DA:10,0
LF:9
LH:0
BRDA:7,0,0,0
BRDA:7,0,1,0
BRDA:7,1,0,0
BRDA:7,1,1,0
BRF:4
BRH:0
end_of_record
TN:
SF:/Users/scottclayton/Sites/red-smash/imports/Functions/index.js
FN:4,numberSuffixer
FN:24,sortByKey
FN:24,(anonymous_2)
FNF:3
FNH:0
FNDA:0,numberSuffixer
FNDA:0,sortByKey
FNDA:0,(anonymous_2)
DA:1,0
DA:4,0
DA:5,0
DA:7,0
DA:8,0
DA:11,0
DA:13,0
DA:15,0
DA:17,0
DA:19,0
DA:24,0
DA:25,0
DA:27,0
DA:29,0
DA:31,0
LF:15
LH:0
BRDA:5,0,0,0
BRDA:5,0,1,0
BRDA:7,1,0,0
BRDA:7,1,1,0
BRDA:11,2,0,0
BRDA:11,2,1,0
BRDA:11,2,2,0
BRDA:11,2,3,0
BRDA:25,3,0,0
BRDA:25,3,1,0
BRDA:25,3,2,0
BRF:11
BRH:0
end_of_record
TN:
SF:/Users/scottclayton/Sites/red-smash/imports/api/collections.js
FNF:0
FNH:0
DA:1,0
DA:2,0
DA:4,0
LF:3
LH:0
BRF:0
BRH:0
end_of_record
TN:
SF:/Users/scottclayton/Sites/red-smash/imports/startup/accounts-config.js
FNF:0
FNH:0
DA:1,0
DA:3,0
LF:2
LH:0
BRF:0
BRH:0
end_of_record
TN:
SF:/Users/scottclayton/Sites/red-smash/imports/startup/client/index.js
FNF:0
FNH:0
DA:1,0
LF:1
LH:0
BRF:0
BRH:0
end_of_record
TN:
SF:/Users/scottclayton/Sites/red-smash/imports/startup/client/routes.js
FN:9,_interopRequireDefault
FN:11,renderRoutes
FNF:2
FNH:0
FNDA:0,_interopRequireDefault
FNDA:0,renderRoutes
DA:1,0
DA:2,0
DA:4,0
DA:5,0
DA:6,0
DA:7,0
DA:8,0
DA:9,0
DA:11,0
LF:9
LH:0
BRDA:9,0,0,0
BRDA:9,0,1,0
BRDA:9,1,0,0
BRDA:9,1,1,0
BRF:4
BRH:0
end_of_record
TN:
SF:/Users/scottclayton/Sites/red-smash/imports/startup/server/index.js
FNF:0
FNH:0
LF:0
LH:0
BRF:0
BRH:0
end_of_record
TN:
SF:/Users/scottclayton/Sites/red-smash/imports/ui/App.js
FN:3,_interopRequireDefault
FN:12,App
FNF:2
FNH:0
FNDA:0,_interopRequireDefault
FNDA:0,App
DA:1,0
DA:2,0
DA:3,0
DA:6,0
DA:12,0
LF:5
LH:0
BRDA:3,0,0,0
BRDA:3,0,1,0
BRDA:3,1,0,0
BRDA:3,1,1,0
BRF:4
BRH:0
end_of_record
TN:
SF:/Users/scottclayton/Sites/red-smash/imports/ui/components/AccountsUIWrapper/index.js
FN:1,(anonymous_0)
FN:1,defineProperties
FN:1,(anonymous_2)
FN:4,_interopRequireDefault
FN:4,_classCallCheck
FN:4,_possibleConstructorReturn
FN:4,_inherits
FN:6,(anonymous_7)
FN:6,AccountsUIWrapper
FN:6,componentDidMount
FN:11,componentWillUnmount
FN:15,render
FNF:12
FNH:0
FNDA:0,(anonymous_0)
FNDA:0,defineProperties
FNDA:0,(anonymous_2)
FNDA:0,_interopRequireDefault
FNDA:0,_classCallCheck
FNDA:0,_possibleConstructorReturn
FNDA:0,_inherits
FNDA:0,(anonymous_7)
FNDA:0,AccountsUIWrapper
FNDA:0,componentDidMount
FNDA:0,componentWillUnmount
FNDA:0,render
DA:1,0
DA:2,0
DA:3,0
DA:4,0
DA:6,0
DA:9,0
DA:14,0
DA:18,0
DA:19,0
LF:9
LH:0
BRDA:1,0,0,0
BRDA:1,0,1,0
BRDA:1,1,0,0
BRDA:1,1,1,0
BRDA:1,2,0,0
BRDA:1,2,1,0
BRDA:1,3,0,0
BRDA:1,3,1,0
BRDA:4,4,0,0
BRDA:4,4,1,0
BRDA:4,5,0,0
BRDA:4,5,1,0
BRDA:4,6,0,0
BRDA:4,6,1,0
BRDA:4,7,0,0
BRDA:4,7,1,0
BRDA:4,8,0,0
BRDA:4,8,1,0
BRDA:4,9,0,0
BRDA:4,9,1,0
BRDA:4,9,2,0
BRDA:4,10,0,0
BRDA:4,10,1,0
BRDA:4,11,0,0
BRDA:4,11,1,0
BRDA:4,12,0,0
BRDA:4,12,1,0
BRDA:4,13,0,0
BRDA:4,13,1,0
BRDA:4,14,0,0
BRDA:4,14,1,0
BRDA:6,15,0,0
BRDA:6,15,1,0
BRF:33
BRH:0
end_of_record
TN:
SF:/Users/scottclayton/Sites/red-smash/imports/ui/components/Challenge/index.js
FN:1,(anonymous_0)
FN:1,defineProperties
FN:1,(anonymous_2)
FN:3,_interopRequireDefault
FN:3,_classCallCheck
FN:3,_possibleConstructorReturn
FN:3,_inherits
FN:11,(anonymous_7)
FN:11,Challenge
FN:11,render
FNF:10
FNH:0
FNDA:0,(anonymous_0)
FNDA:0,defineProperties
FNDA:0,(anonymous_2)
FNDA:0,_interopRequireDefault
FNDA:0,_classCallCheck
FNDA:0,_possibleConstructorReturn
FNDA:0,_inherits
FNDA:0,(anonymous_7)
FNDA:0,Challenge
FNDA:0,render
DA:1,0
DA:2,0
DA:3,0
DA:5,0
DA:11,0
DA:13,0
DA:14,0
DA:21,0
DA:24,0
LF:9
LH:0
BRDA:1,0,0,0
BRDA:1,0,1,0
BRDA:1,1,0,0
BRDA:1,1,1,0
BRDA:1,2,0,0
BRDA:1,2,1,0
BRDA:1,3,0,0
BRDA:1,3,1,0
BRDA:3,4,0,0
BRDA:3,4,1,0
BRDA:3,5,0,0
BRDA:3,5,1,0
BRDA:3,6,0,0
BRDA:3,6,1,0
BRDA:3,7,0,0
BRDA:3,7,1,0
BRDA:3,8,0,0
BRDA:3,8,1,0
BRDA:3,9,0,0
BRDA:3,9,1,0
BRDA:3,9,2,0
BRDA:3,10,0,0
BRDA:3,10,1,0
BRDA:3,11,0,0
BRDA:3,11,1,0
BRDA:3,12,0,0
BRDA:3,12,1,0
BRDA:3,13,0,0
BRDA:3,13,1,0
BRDA:3,14,0,0
BRDA:3,14,1,0
BRDA:11,15,0,0
BRDA:11,15,1,0
BRF:33
BRH:0
end_of_record
TN:
SF:/Users/scottclayton/Sites/red-smash/imports/ui/components/ChallengeDetails/index.js
FN:1,(anonymous_0)
FN:1,defineProperties
FN:1,(anonymous_2)
FN:7,_interopRequireDefault
FN:7,_classCallCheck
FN:7,_possibleConstructorReturn
FN:7,_inherits
FN:32,(anonymous_7)
FN:32,ChallengeDetails
FN:32,handleSubmit
FN:47,render
FN:95,(anonymous_11)
FNF:12
FNH:0
FNDA:0,(anonymous_0)
FNDA:0,defineProperties
FNDA:0,(anonymous_2)
FNDA:0,_interopRequireDefault
FNDA:0,_classCallCheck
FNDA:0,_possibleConstructorReturn
FNDA:0,_inherits
FNDA:0,(anonymous_7)
FNDA:0,ChallengeDetails
FNDA:0,handleSubmit
FNDA:0,render
FNDA:0,(anonymous_11)
DA:1,0
DA:2,0
DA:3,0
DA:4,0
DA:5,0
DA:6,0
DA:7,0
DA:9,0
DA:32,0
DA:34,0
DA:35,0
DA:37,0
DA:46,0
DA:51,0
DA:52,0
DA:87,0
DA:90,0
DA:92,0
DA:95,0
DA:96,0
DA:97,0
DA:98,0
DA:99,0
LF:23
LH:0
BRDA:1,0,0,0
BRDA:1,0,1,0
BRDA:1,1,0,0
BRDA:1,1,1,0
BRDA:1,2,0,0
BRDA:1,2,1,0
BRDA:1,3,0,0
BRDA:1,3,1,0
BRDA:7,4,0,0
BRDA:7,4,1,0
BRDA:7,5,0,0
BRDA:7,5,1,0
BRDA:7,6,0,0
BRDA:7,6,1,0
BRDA:7,7,0,0
BRDA:7,7,1,0
BRDA:7,8,0,0
BRDA:7,8,1,0
BRDA:7,9,0,0
BRDA:7,9,1,0
BRDA:7,9,2,0
BRDA:7,10,0,0
BRDA:7,10,1,0
BRDA:7,11,0,0
BRDA:7,11,1,0
BRDA:7,12,0,0
BRDA:7,12,1,0
BRDA:7,13,0,0
BRDA:7,13,1,0
BRDA:7,14,0,0
BRDA:7,14,1,0
BRDA:32,15,0,0
BRDA:32,15,1,0
BRDA:56,16,0,0
BRDA:56,16,1,0
BRDA:71,17,0,0
BRDA:71,17,1,0
BRDA:98,18,0,0
BRDA:98,18,1,0
BRF:39
BRH:0
end_of_record
TN:
SF:/Users/scottclayton/Sites/red-smash/imports/ui/components/ChallengeList/index.js
FN:1,(anonymous_0)
FN:1,defineProperties
FN:1,(anonymous_2)
FN:6,_interopRequireDefault
FN:6,_classCallCheck
FN:6,_possibleConstructorReturn
FN:6,_inherits
FN:8,(anonymous_7)
FN:8,ChallengeList
FN:8,render
FN:22,(anonymous_10)
FN:36,(anonymous_11)
FNF:12
FNH:0
FNDA:0,(anonymous_0)
FNDA:0,defineProperties
FNDA:0,(anonymous_2)
FNDA:0,_interopRequireDefault
FNDA:0,_classCallCheck
FNDA:0,_possibleConstructorReturn
FNDA:0,_inherits
FNDA:0,(anonymous_7)
FNDA:0,ChallengeList
FNDA:0,render
FNDA:0,(anonymous_10)
FNDA:0,(anonymous_11)
DA:1,0
DA:2,0
DA:3,0
DA:4,0
DA:5,0
DA:6,0
DA:8,0
DA:10,0
DA:22,0
DA:29,0
DA:32,0
DA:33,0
DA:37,0
DA:38,0
LF:14
LH:0
BRDA:1,0,0,0
BRDA:1,0,1,0
BRDA:1,1,0,0
BRDA:1,1,1,0
BRDA:1,2,0,0
BRDA:1,2,1,0
BRDA:1,3,0,0
BRDA:1,3,1,0
BRDA:6,4,0,0
BRDA:6,4,1,0
BRDA:6,5,0,0
BRDA:6,5,1,0
BRDA:6,6,0,0
BRDA:6,6,1,0
BRDA:6,7,0,0
BRDA:6,7,1,0
BRDA:6,8,0,0
BRDA:6,8,1,0
BRDA:6,9,0,0
BRDA:6,9,1,0
BRDA:6,9,2,0
BRDA:6,10,0,0
BRDA:6,10,1,0
BRDA:6,11,0,0
BRDA:6,11,1,0
BRDA:6,12,0,0
BRDA:6,12,1,0
BRDA:6,13,0,0
BRDA:6,13,1,0
BRDA:6,14,0,0
BRDA:6,14,1,0
BRDA:8,15,0,0
BRDA:8,15,1,0
BRF:33
BRH:0
end_of_record
TN:
SF:/Users/scottclayton/Sites/red-smash/imports/ui/components/LeaderBoard/index.js
FN:1,(anonymous_0)
FN:1,defineProperties
FN:1,(anonymous_2)
FN:7,_interopRequireDefault
FN:7,_toConsumableArray
FN:7,_classCallCheck
FN:7,_possibleConstructorReturn
FN:7,_inherits
FN:35,(anonymous_8)
FN:35,LeaderBoard
FN:41,_teamStarsFinder
FN:44,(anonymous_11)
FN:45,(anonymous_12)
FN:61,_pieFilling
FN:64,(anonymous_14)
FN:105,render
FN:149,(anonymous_16)
FNF:17
FNH:0
FNDA:0,(anonymous_0)
FNDA:0,defineProperties
FNDA:0,(anonymous_2)
FNDA:0,_interopRequireDefault
FNDA:0,_toConsumableArray
FNDA:0,_classCallCheck
FNDA:0,_possibleConstructorReturn
FNDA:0,_inherits
FNDA:0,(anonymous_8)
FNDA:0,LeaderBoard
FNDA:0,_teamStarsFinder
FNDA:0,(anonymous_11)
FNDA:0,(anonymous_12)
FNDA:0,_pieFilling
FNDA:0,(anonymous_14)
FNDA:0,render
FNDA:0,(anonymous_16)
DA:1,0
DA:2,0
DA:3,0
DA:4,0
DA:5,0
DA:6,0
DA:7,0
DA:9,0
DA:17,0
DA:26,0
DA:35,0
DA:42,0
DA:44,0
DA:45,0
DA:47,0
DA:49,0
DA:50,0
DA:51,0
DA:52,0
DA:53,0
DA:56,0
DA:58,0
DA:60,0
DA:64,0
DA:65,0
DA:74,0
DA:110,0
DA:111,0
DA:112,0
DA:114,0
DA:142,0
DA:145,0
DA:146,0
DA:150,0
DA:151,0
LF:35
LH:0
BRDA:1,0,0,0
BRDA:1,0,1,0
BRDA:1,1,0,0
BRDA:1,1,1,0
BRDA:1,2,0,0
BRDA:1,2,1,0
BRDA:1,3,0,0
BRDA:1,3,1,0
BRDA:7,4,0,0
BRDA:7,4,1,0
BRDA:7,5,0,0
BRDA:7,5,1,0
BRDA:7,6,0,0
BRDA:7,6,1,0
BRDA:7,7,0,0
BRDA:7,7,1,0
BRDA:7,8,0,0
BRDA:7,8,1,0
BRDA:7,9,0,0
BRDA:7,9,1,0
BRDA:7,10,0,0
BRDA:7,10,1,0
BRDA:7,10,2,0
BRDA:7,11,0,0
BRDA:7,11,1,0
BRDA:7,12,0,0
BRDA:7,12,1,0
BRDA:7,13,0,0
BRDA:7,13,1,0
BRDA:7,14,0,0
BRDA:7,14,1,0
BRDA:7,15,0,0
BRDA:7,15,1,0
BRDA:35,16,0,0
BRDA:35,16,1,0
BRDA:51,17,0,0
BRDA:51,17,1,0
BRDA:126,18,0,0
BRDA:126,18,1,0
BRDA:127,19,0,0
BRDA:127,19,1,0
BRDA:128,20,0,0
BRDA:128,20,1,0
BRDA:129,21,0,0
BRDA:129,21,1,0
BRDA:130,22,0,0
BRDA:130,22,1,0
BRF:47
BRH:0
end_of_record
TN:
SF:/Users/scottclayton/Sites/red-smash/imports/ui/components/NavBar/index.js
FN:1,(anonymous_0)
FN:1,defineProperties
FN:1,(anonymous_2)
FN:4,_interopRequireDefault
FN:4,_classCallCheck
FN:4,_possibleConstructorReturn
FN:4,_inherits
FN:19,(anonymous_7)
FN:19,NavBar
FN:19,render
FNF:10
FNH:0
FNDA:0,(anonymous_0)
FNDA:0,defineProperties
FNDA:0,(anonymous_2)
FNDA:0,_interopRequireDefault
FNDA:0,_classCallCheck
FNDA:0,_possibleConstructorReturn
FNDA:0,_inherits
FNDA:0,(anonymous_7)
FNDA:0,NavBar
FNDA:0,render
DA:1,0
DA:2,0
DA:3,0
DA:4,0
DA:6,0
DA:19,0
DA:21,0
DA:31,0
LF:8
LH:0
BRDA:1,0,0,0
BRDA:1,0,1,0
BRDA:1,1,0,0
BRDA:1,1,1,0
BRDA:1,2,0,0
BRDA:1,2,1,0
BRDA:1,3,0,0
BRDA:1,3,1,0
BRDA:4,4,0,0
BRDA:4,4,1,0
BRDA:4,5,0,0
BRDA:4,5,1,0
BRDA:4,6,0,0
BRDA:4,6,1,0
BRDA:4,7,0,0
BRDA:4,7,1,0
BRDA:4,8,0,0
BRDA:4,8,1,0
BRDA:4,9,0,0
BRDA:4,9,1,0
BRDA:4,9,2,0
BRDA:4,10,0,0
BRDA:4,10,1,0
BRDA:4,11,0,0
BRDA:4,11,1,0
BRDA:4,12,0,0
BRDA:4,12,1,0
BRDA:4,13,0,0
BRDA:4,13,1,0
BRDA:4,14,0,0
BRDA:4,14,1,0
BRDA:19,15,0,0
BRDA:19,15,1,0
BRF:33
BRH:0
end_of_record
TN:
SF:/Users/scottclayton/Sites/red-smash/imports/ui/components/PlayersTable/index.js
FN:1,(anonymous_0)
FN:1,defineProperties
FN:1,(anonymous_2)
FN:3,_interopRequireDefault
FN:3,_classCallCheck
FN:3,_possibleConstructorReturn
FN:3,_inherits
FN:5,(anonymous_7)
FN:5,PlayersTable
FN:5,render
FN:18,(anonymous_10)
FNF:11
FNH:0
FNDA:0,(anonymous_0)
FNDA:0,defineProperties
FNDA:0,(anonymous_2)
FNDA:0,_interopRequireDefault
FNDA:0,_classCallCheck
FNDA:0,_possibleConstructorReturn
FNDA:0,_inherits
FNDA:0,(anonymous_7)
FNDA:0,PlayersTable
FNDA:0,render
FNDA:0,(anonymous_10)
DA:1,0
DA:2,0
DA:3,0
DA:5,0
DA:7,0
DA:19,0
DA:30,0
DA:33,0
LF:8
LH:0
BRDA:1,0,0,0
BRDA:1,0,1,0
BRDA:1,1,0,0
BRDA:1,1,1,0
BRDA:1,2,0,0
BRDA:1,2,1,0
BRDA:1,3,0,0
BRDA:1,3,1,0
BRDA:3,4,0,0
BRDA:3,4,1,0
BRDA:3,5,0,0
BRDA:3,5,1,0
BRDA:3,6,0,0
BRDA:3,6,1,0
BRDA:3,7,0,0
BRDA:3,7,1,0
BRDA:3,8,0,0
BRDA:3,8,1,0
BRDA:3,9,0,0
BRDA:3,9,1,0
BRDA:3,9,2,0
BRDA:3,10,0,0
BRDA:3,10,1,0
BRDA:3,11,0,0
BRDA:3,11,1,0
BRDA:3,12,0,0
BRDA:3,12,1,0
BRDA:3,13,0,0
BRDA:3,13,1,0
BRDA:3,14,0,0
BRDA:3,14,1,0
BRDA:5,15,0,0
BRDA:5,15,1,0
BRF:33
BRH:0
end_of_record
TN:
SF:/Users/scottclayton/Sites/red-smash/imports/ui/components/Splash/index.js
FN:1,(anonymous_0)
FN:1,defineProperties
FN:1,(anonymous_2)
FN:2,_interopRequireDefault
FN:2,_classCallCheck
FN:2,_possibleConstructorReturn
FN:2,_inherits
FN:19,(anonymous_7)
FN:19,Splash
FN:19,render
FNF:10
FNH:0
FNDA:0,(anonymous_0)
FNDA:0,defineProperties
FNDA:0,(anonymous_2)
FNDA:0,_interopRequireDefault
FNDA:0,_classCallCheck
FNDA:0,_possibleConstructorReturn
FNDA:0,_inherits
FNDA:0,(anonymous_7)
FNDA:0,Splash
FNDA:0,render
DA:1,0
DA:2,0
DA:4,0
DA:19,0
DA:21,0
DA:26,0
LF:6
LH:0
BRDA:1,0,0,0
BRDA:1,0,1,0
BRDA:1,1,0,0
BRDA:1,1,1,0
BRDA:1,2,0,0
BRDA:1,2,1,0
BRDA:1,3,0,0
BRDA:1,3,1,0
BRDA:2,4,0,0
BRDA:2,4,1,0
BRDA:2,5,0,0
BRDA:2,5,1,0
BRDA:2,6,0,0
BRDA:2,6,1,0
BRDA:2,7,0,0
BRDA:2,7,1,0
BRDA:2,8,0,0
BRDA:2,8,1,0
BRDA:2,9,0,0
BRDA:2,9,1,0
BRDA:2,9,2,0
BRDA:2,10,0,0
BRDA:2,10,1,0
BRDA:2,11,0,0
BRDA:2,11,1,0
BRDA:2,12,0,0
BRDA:2,12,1,0
BRDA:2,13,0,0
BRDA:2,13,1,0
BRDA:2,14,0,0
BRDA:2,14,1,0
BRDA:19,15,0,0
BRDA:19,15,1,0
BRF:33
BRH:0
end_of_record
TN:
SF:/Users/scottclayton/Sites/red-smash/imports/ui/components/UserModal/index.js
FN:1,(anonymous_0)
FN:1,defineProperties
FN:1,(anonymous_2)
FN:3,_interopRequireDefault
FN:3,_classCallCheck
FN:3,_possibleConstructorReturn
FN:3,_inherits
FN:12,(anonymous_7)
FN:12,UserModal
FN:12,render
FNF:10
FNH:0
FNDA:0,(anonymous_0)
FNDA:0,defineProperties
FNDA:0,(anonymous_2)
FNDA:0,_interopRequireDefault
FNDA:0,_classCallCheck
FNDA:0,_possibleConstructorReturn
FNDA:0,_inherits
FNDA:0,(anonymous_7)
FNDA:0,UserModal
FNDA:0,render
DA:1,0
DA:2,0
DA:3,0
DA:5,0
DA:12,0
DA:14,0
DA:32,0
DA:35,0
DA:37,0
LF:9
LH:0
BRDA:1,0,0,0
BRDA:1,0,1,0
BRDA:1,1,0,0
BRDA:1,1,1,0
BRDA:1,2,0,0
BRDA:1,2,1,0
BRDA:1,3,0,0
BRDA:1,3,1,0
BRDA:3,4,0,0
BRDA:3,4,1,0
BRDA:3,5,0,0
BRDA:3,5,1,0
BRDA:3,6,0,0
BRDA:3,6,1,0
BRDA:3,7,0,0
BRDA:3,7,1,0
BRDA:3,8,0,0
BRDA:3,8,1,0
BRDA:3,9,0,0
BRDA:3,9,1,0
BRDA:3,9,2,0
BRDA:3,10,0,0
BRDA:3,10,1,0
BRDA:3,11,0,0
BRDA:3,11,1,0
BRDA:3,12,0,0
BRDA:3,12,1,0
BRDA:3,13,0,0
BRDA:3,13,1,0
BRDA:3,14,0,0
BRDA:3,14,1,0
BRDA:12,15,0,0
BRDA:12,15,1,0
BRF:33
BRH:0
end_of_record
TN:
SF:/Users/scottclayton/Sites/red-smash/imports/ui/components/UserViewer/index.js
FN:1,(anonymous_0)
FN:1,defineProperties
FN:1,(anonymous_2)
FN:5,_interopRequireDefault
FN:5,_classCallCheck
FN:5,_possibleConstructorReturn
FN:5,_inherits
FN:8,(anonymous_7)
FN:9,UserViewer
FN:14,close
FN:18,open
FN:22,render
FN:44,(anonymous_12)
FNF:13
FNH:0
FNDA:0,(anonymous_0)
FNDA:0,defineProperties
FNDA:0,(anonymous_2)
FNDA:0,_interopRequireDefault
FNDA:0,_classCallCheck
FNDA:0,_possibleConstructorReturn
FNDA:0,_inherits
FNDA:0,(anonymous_7)
FNDA:0,UserViewer
FNDA:0,close
FNDA:0,open
FNDA:0,render
FNDA:0,(anonymous_12)
DA:1,0
DA:2,0
DA:3,0
DA:4,0
DA:5,0
DA:8,0
DA:9,0
DA:11,0
DA:12,0
DA:14,0
DA:17,0
DA:21,0
DA:25,0
DA:26,0
DA:41,0
DA:46,0
DA:47,0
LF:17
LH:0
BRDA:1,0,0,0
BRDA:1,0,1,0
BRDA:1,1,0,0
BRDA:1,1,1,0
BRDA:1,2,0,0
BRDA:1,2,1,0
BRDA:1,3,0,0
BRDA:1,3,1,0
BRDA:5,4,0,0
BRDA:5,4,1,0
BRDA:5,5,0,0
BRDA:5,5,1,0
BRDA:5,6,0,0
BRDA:5,6,1,0
BRDA:5,7,0,0
BRDA:5,7,1,0
BRDA:5,8,0,0
BRDA:5,8,1,0
BRDA:5,9,0,0
BRDA:5,9,1,0
BRDA:5,9,2,0
BRDA:5,10,0,0
BRDA:5,10,1,0
BRDA:5,11,0,0
BRDA:5,11,1,0
BRDA:5,12,0,0
BRDA:5,12,1,0
BRDA:5,13,0,0
BRDA:5,13,1,0
BRDA:5,14,0,0
BRDA:5,14,1,0
BRDA:9,15,0,0
BRDA:9,15,1,0
BRF:33
BRH:0
end_of_record
TN:
SF:/Users/scottclayton/Sites/red-smash/server/main.js
FN:5,(anonymous_0)
FN:13,(anonymous_1)
FN:88,teamsPublication
FN:92,teamsPublication
FN:97,challengesPublication
FN:106,(anonymous_5)
FN:108,updateUserChallenges
FNF:7
FNH:0
FNDA:0,(anonymous_0)
FNDA:0,(anonymous_1)
FNDA:0,teamsPublication
FNDA:0,teamsPublication
FNDA:0,challengesPublication
FNDA:0,(anonymous_5)
FNDA:0,updateUserChallenges
DA:1,0
DA:2,0
DA:3,0
DA:5,0
DA:7,0
DA:8,0
DA:9,0
DA:11,0
DA:13,0
DA:15,0
DA:16,0
DA:18,0
DA:22,0
DA:23,0
DA:24,0
DA:33,0
DA:36,0
DA:37,0
DA:45,0
DA:53,0
DA:61,0
DA:69,0
DA:77,0
DA:88,0
DA:89,0
DA:92,0
DA:93,0
DA:94,0
DA:97,0
DA:98,0
DA:99,0
DA:101,0
DA:105,0
DA:106,0
DA:107,0
DA:109,0
DA:110,0
DA:120,0
DA:123,0
DA:134,0
LF:40
LH:0
BRDA:15,0,0,0
BRDA:15,0,1,0
BRDA:36,1,0,0
BRDA:36,1,1,0
BRDA:98,2,0,0
BRDA:98,2,1,0
BRDA:105,3,0,0
BRDA:105,3,1,0
BRF:8
BRH:0
end_of_record
TN:
SF:/Users/scottclayton/Sites/red-smash/tests/babel-jsx-transformer.js
FN:7,process
FNF:1
FNH:0
FNDA:0,process
DA:3,0
DA:4,0
DA:6,0
DA:8,0
DA:9,0
DA:15,0
LF:6
LH:0
BRDA:8,0,0,0
BRDA:8,0,1,0
BRF:2
BRH:0
end_of_record
TN:
SF:/Users/scottclayton/Sites/red-smash/tests/functions.js
FN:1,(anonymous_0)
FN:1,(anonymous_1)
FN:1,add
FN:5,(anonymous_3)
FN:8,subtract
FN:10,binaryToDecimal
FN:18,(anonymous_6)
FN:19,(anonymous_7)
FNF:8
FNH:0
FNDA:0,(anonymous_0)
FNDA:0,(anonymous_1)
FNDA:0,add
FNDA:0,(anonymous_3)
FNDA:0,subtract
FNDA:0,binaryToDecimal
FNDA:0,(anonymous_6)
FNDA:0,(anonymous_7)
DA:1,0
DA:2,0
DA:3,0
DA:5,0
DA:8,0
DA:10,0
DA:11,0
DA:12,0
DA:14,0
DA:18,0
DA:19,0
LF:11
LH:0
BRDA:1,0,0,0
BRDA:1,0,1,0
BRDA:1,1,0,0
BRDA:1,1,1,0
BRDA:1,2,0,0
BRDA:1,2,1,0
BRDA:1,3,0,0
BRDA:1,3,1,0
BRDA:1,3,2,0
BRDA:1,3,3,0
BRDA:2,4,0,0
BRDA:2,4,1,0
BRDA:11,5,0,0
BRDA:11,5,1,0
BRF:14
BRH:0
end_of_record
TN:
SF:/Users/scottclayton/Sites/red-smash/tests/e2e/demo.js
FN:2,imageDir
FN:13,LoadsPageWithFace
FN:20,LoadsPageWithTitle
FNF:3
FNH:0
FNDA:0,imageDir
FNDA:0,LoadsPageWithFace
FNDA:0,LoadsPageWithTitle
DA:1,0
DA:2,0
DA:4,0
DA:5,0
DA:14,0
DA:28,0
DA:29,0
DA:33,0
LF:8
LH:0
BRF:0
BRH:0
end_of_record
TN:
SF:/Users/scottclayton/Sites/red-smash/tests/e2e/main.js
FNF:0
FNH:0
LF:0
LH:0
BRF:0
BRH:0
end_of_record
TN:
SF:/Users/scottclayton/Sites/red-smash/tests/e2e/pages/main.js
FNF:0
FNH:0
DA:1,0
LF:1
LH:0
BRF:0
BRH:0
end_of_record
TN:
SF:/Users/scottclayton/Sites/red-smash/tests/unit/babel-jsx-transformer.js
FN:7,process
FNF:1
FNH:0
FNDA:0,process
DA:3,0
DA:4,0
DA:6,0
DA:8,0
DA:9,0
DA:15,0
LF:6
LH:0
BRDA:8,0,0,0
BRDA:8,0,1,0
BRF:2
BRH:0
end_of_record
TN:
SF:/Users/scottclayton/Sites/red-smash/tests/unit/functions.js
FN:1,(anonymous_0)
FN:1,(anonymous_1)
FN:1,add
FN:5,(anonymous_3)
FN:8,subtract
FN:10,binaryToDecimal
FN:18,(anonymous_6)
FN:19,(anonymous_7)
FNF:8
FNH:0
FNDA:0,(anonymous_0)
FNDA:0,(anonymous_1)
FNDA:0,add
FNDA:0,(anonymous_3)
FNDA:0,subtract
FNDA:0,binaryToDecimal
FNDA:0,(anonymous_6)
FNDA:0,(anonymous_7)
DA:1,0
DA:2,0
DA:3,0
DA:5,0
DA:8,0
DA:10,0
DA:11,0
DA:12,0
DA:14,0
DA:18,0
DA:19,0
LF:11
LH:0
BRDA:1,0,0,0
BRDA:1,0,1,0
BRDA:1,1,0,0
BRDA:1,1,1,0
BRDA:1,2,0,0
BRDA:1,2,1,0
BRDA:1,3,0,0
BRDA:1,3,1,0
BRDA:1,3,2,0
BRDA:1,3,3,0
BRDA:2,4,0,0
BRDA:2,4,1,0
BRDA:11,5,0,0
BRDA:11,5,1,0
BRF:14
BRH:0
end_of_record
TN:
SF:/Users/scottclayton/Sites/red-smash/tests/unit/coverage/lcov-report/prettify.js
FN:1,(anonymous_0)
FN:1,k
FN:1,ab
FN:1,T
FN:1,X
FN:1,(anonymous_5)
FN:1,W
FN:1,(anonymous_7)
FN:1,a
FN:1,aa
FN:1,B
FN:1,o
FN:1,g
FN:1,(anonymous_13)
FN:1,W
FN:1,i
FN:1,Q
FN:1,ae
FN:1,ad
FN:1,ai
FN:1,D
FN:1,c
FN:1,q
FN:1,d
FN:1,y
FN:1,b
FN:1,Y
FN:1,now
FN:1,U
FNF:29
FNH:0
FNDA:0,(anonymous_0)
FNDA:0,k
FNDA:0,ab
FNDA:0,T
FNDA:0,X
FNDA:0,(anonymous_5)
FNDA:0,W
FNDA:0,(anonymous_7)
FNDA:0,a
FNDA:0,aa
FNDA:0,B
FNDA:0,o
FNDA:0,g
FNDA:0,(anonymous_13)
FNDA:0,W
FNDA:0,i
FNDA:0,Q
FNDA:0,ae
FNDA:0,ad
FNDA:0,ai
FNDA:0,D
FNDA:0,c
FNDA:0,q
FNDA:0,d
FNDA:0,y
FNDA:0,b
FNDA:0,Y
FNDA:0,now
FNDA:0,U
DA:1,0
LF:1
LH:0
BRDA:1,0,0,0
BRDA:1,0,1,0
BRDA:1,1,0,0
BRDA:1,1,1,0
BRDA:1,2,0,0
BRDA:1,2,1,0
BRDA:1,3,0,0
BRDA:1,3,1,0
BRDA:1,4,0,0
BRDA:1,4,1,0
BRDA:1,5,0,0
BRDA:1,5,1,0
BRDA:1,6,0,0
BRDA:1,6,1,0
BRDA:1,7,0,0
BRDA:1,7,1,0
BRDA:1,8,0,0
BRDA:1,8,1,0
BRDA:1,9,0,0
BRDA:1,9,1,0
BRDA:1,10,0,0
BRDA:1,10,1,0
BRDA:1,11,0,0
BRDA:1,11,1,0
BRDA:1,11,2,0
BRDA:1,11,3,0
BRDA:1,12,0,0
BRDA:1,12,1,0
BRDA:1,13,0,0
BRDA:1,13,1,0
BRDA:1,14,0,0
BRDA:1,14,1,0
BRDA:1,15,0,0
BRDA:1,15,1,0
BRDA:1,16,0,0
BRDA:1,16,1,0
BRDA:1,17,0,0
BRDA:1,17,1,0
BRDA:1,18,0,0
BRDA:1,18,1,0
BRDA:1,19,0,0
BRDA:1,19,1,0
BRDA:1,20,0,0
BRDA:1,20,1,0
BRDA:1,21,0,0
BRDA:1,21,1,0
BRDA:1,22,0,0
BRDA:1,22,1,0
BRDA:1,23,0,0
BRDA:1,23,1,0
BRDA:1,24,0,0
BRDA:1,24,1,0
BRDA:1,25,0,0
BRDA:1,25,1,0
BRDA:1,26,0,0
BRDA:1,26,1,0
BRDA:1,27,0,0
BRDA:1,27,1,0
BRDA:1,28,0,0
BRDA:1,28,1,0
BRDA:1,29,0,0
BRDA:1,29,1,0
BRDA:1,30,0,0
BRDA:1,30,1,0
BRDA:1,31,0,0
BRDA:1,31,1,0
BRDA:1,32,0,0
BRDA:1,32,1,0
BRDA:1,33,0,0
BRDA:1,33,1,0
BRDA:1,34,0,0
BRDA:1,34,1,0
BRDA:1,35,0,0
BRDA:1,35,1,0
BRDA:1,36,0,0
BRDA:1,36,1,0
BRDA:1,37,0,0
BRDA:1,37,1,0
BRDA:1,38,0,0
BRDA:1,38,1,0
BRDA:1,39,0,0
BRDA:1,39,1,0
BRDA:1,40,0,0
BRDA:1,40,1,0
BRDA:1,41,0,0
BRDA:1,41,1,0
BRDA:1,42,0,0
BRDA:1,42,1,0
BRDA:1,43,0,0
BRDA:1,43,1,0
BRDA:1,44,0,0
BRDA:1,44,1,0
BRDA:1,45,0,0
BRDA:1,45,1,0
BRDA:1,46,0,0
BRDA:1,46,1,0
BRDA:1,47,0,0
BRDA:1,47,1,0
BRDA:1,48,0,0
BRDA:1,48,1,0
BRDA:1,49,0,0
BRDA:1,49,1,0
BRDA:1,49,2,0
BRDA:1,50,0,0
BRDA:1,50,1,0
BRDA:1,51,0,0
BRDA:1,51,1,0
BRDA:1,52,0,0
BRDA:1,52,1,0
BRDA:1,53,0,0
BRDA:1,53,1,0
BRDA:1,54,0,0
BRDA:1,54,1,0
BRDA:1,55,0,0
BRDA:1,55,1,0
BRDA:1,56,0,0
BRDA:1,56,1,0
BRDA:1,57,0,0
BRDA:1,57,1,0
BRDA:1,58,0,0
BRDA:1,58,1,0
BRDA:1,59,0,0
BRDA:1,59,1,0
BRDA:1,60,0,0
BRDA:1,60,1,0
BRDA:1,61,0,0
BRDA:1,61,1,0
BRDA:1,62,0,0
BRDA:1,62,1,0
BRDA:1,63,0,0
BRDA:1,63,1,0
BRDA:1,64,0,0
BRDA:1,64,1,0
BRDA:1,65,0,0
BRDA:1,65,1,0
BRDA:1,66,0,0
BRDA:1,66,1,0
BRDA:1,67,0,0
BRDA:1,67,1,0
BRDA:1,68,0,0
BRDA:1,68,1,0
BRDA:1,69,0,0
BRDA:1,69,1,0
BRDA:1,70,0,0
BRDA:1,70,1,0
BRDA:1,71,0,0
BRDA:1,71,1,0
BRDA:1,72,0,0
BRDA:1,72,1,0
BRDA:1,73,0,0
BRDA:1,73,1,0
BRDA:1,74,0,0
BRDA:1,74,1,0
BRDA:1,75,0,0
BRDA:1,75,1,0
BRDA:1,76,0,0
BRDA:1,76,1,0
BRDA:1,77,0,0
BRDA:1,77,1,0
BRDA:1,78,0,0
BRDA:1,78,1,0
BRDA:1,79,0,0
BRDA:1,79,1,0
BRDA:1,80,0,0
BRDA:1,80,1,0
BRDA:1,81,0,0
BRDA:1,81,1,0
BRDA:1,82,0,0
BRDA:1,82,1,0
BRDA:1,83,0,0
BRDA:1,83,1,0
BRDA:1,84,0,0
BRDA:1,84,1,0
BRDA:1,85,0,0
BRDA:1,85,1,0
BRDA:1,86,0,0
BRDA:1,86,1,0
BRDA:1,87,0,0
BRDA:1,87,1,0
BRDA:1,88,0,0
BRDA:1,88,1,0
BRDA:1,88,2,0
BRDA:1,89,0,0
BRDA:1,89,1,0
BRDA:1,90,0,0
BRDA:1,90,1,0
BRDA:1,91,0,0
BRDA:1,91,1,0
BRDA:1,92,0,0
BRDA:1,92,1,0
BRDA:1,93,0,0
BRDA:1,93,1,0
BRDA:1,94,0,0
BRDA:1,94,1,0
BRDA:1,95,0,0
BRDA:1,95,1,0
BRDA:1,96,0,0
BRDA:1,96,1,0
BRDA:1,97,0,0
BRDA:1,97,1,0
BRDA:1,98,0,0
BRDA:1,98,1,0
BRDA:1,99,0,0
BRDA:1,99,1,0
BRDA:1,100,0,0
BRDA:1,100,1,0
BRDA:1,101,0,0
BRDA:1,101,1,0
BRDA:1,102,0,0
BRDA:1,102,1,0
BRDA:1,103,0,0
BRDA:1,103,1,0
BRDA:1,104,0,0
BRDA:1,104,1,0
BRDA:1,105,0,0
BRDA:1,105,1,0
BRDA:1,106,0,0
BRDA:1,106,1,0
BRDA:1,107,0,0
BRDA:1,107,1,0
BRDA:1,108,0,0
BRDA:1,108,1,0
BRDA:1,109,0,0
BRDA:1,109,1,0
BRDA:1,110,0,0
BRDA:1,110,1,0
BRDA:1,111,0,0
BRDA:1,111,1,0
BRDA:1,112,0,0
BRDA:1,112,1,0
BRDA:1,113,0,0
BRDA:1,113,1,0
BRDA:1,114,0,0
BRDA:1,114,1,0
BRDA:1,115,0,0
BRDA:1,115,1,0
BRDA:1,116,0,0
BRDA:1,116,1,0
BRDA:1,117,0,0
BRDA:1,117,1,0
BRDA:1,118,0,0
BRDA:1,118,1,0
BRDA:1,119,0,0
BRDA:1,119,1,0
BRDA:1,120,0,0
BRDA:1,120,1,0
BRDA:1,121,0,0
BRDA:1,121,1,0
BRDA:1,122,0,0
BRDA:1,122,1,0
BRDA:1,123,0,0
BRDA:1,123,1,0
BRDA:1,124,0,0
BRDA:1,124,1,0
BRDA:1,125,0,0
BRDA:1,125,1,0
BRDA:1,126,0,0
BRDA:1,126,1,0
BRDA:1,127,0,0
BRDA:1,127,1,0
BRDA:1,127,2,0
BRDA:1,128,0,0
BRDA:1,128,1,0
BRDA:1,129,0,0
BRDA:1,129,1,0
BRDA:1,130,0,0
BRDA:1,130,1,0
BRDA:1,130,2,0
BRDA:1,130,3,0
BRDA:1,130,4,0
BRDA:1,131,0,0
BRDA:1,131,1,0
BRDA:1,132,0,0
BRDA:1,132,1,0
BRDA:1,133,0,0
BRDA:1,133,1,0
BRDA:1,134,0,0
BRDA:1,134,1,0
BRDA:1,135,0,0
BRDA:1,135,1,0
BRDA:1,136,0,0
BRDA:1,136,1,0
BRDA:1,137,0,0
BRDA:1,137,1,0
BRF:284
BRH:0
end_of_record
TN:
SF:/Users/scottclayton/Sites/red-smash/tests/unit/coverage/lcov-report/sorter.js
FN:1,(anonymous_0)
FN:10,getTable
FN:12,getTableHeader
FN:14,getTableBody
FN:16,getNthColumn
FN:19,loadColumns
FN:43,loadRowData
FN:62,loadData
FN:71,sortByIndex
FN:73,sorter
FN:85,finalSorter
FN:102,removeSortIndicators
FN:110,addSortIndicators
FN:114,enableUI
FN:117,ithSorter
FN:120,(anonymous_15)
FN:147,(anonymous_16)
FNF:17
FNH:0
FNDA:0,(anonymous_0)
FNDA:0,getTable
FNDA:0,getTableHeader
FNDA:0,getTableBody
FNDA:0,getNthColumn
FNDA:0,loadColumns
FNDA:0,loadRowData
FNDA:0,loadData
FNDA:0,sortByIndex
FNDA:0,sorter
FNDA:0,finalSorter
FNDA:0,removeSortIndicators
FNDA:0,addSortIndicators
FNDA:0,enableUI
FNDA:0,ithSorter
FNDA:0,(anonymous_15)
FNDA:0,(anonymous_16)
DA:1,0
DA:4,0
DA:10,0
DA:12,0
DA:14,0
DA:16,0
DA:20,0
DA:22,0
DA:26,0
DA:27,0
DA:28,0
DA:33,0
DA:34,0
DA:35,0
DA:36,0
DA:39,0
DA:44,0
DA:47,0
DA:50,0
DA:51,0
DA:52,0
DA:53,0
DA:54,0
DA:55,0
DA:57,0
DA:59,0
DA:63,0
DA:66,0
DA:67,0
DA:72,0
DA:73,0
DA:74,0
DA:75,0
DA:76,0
DA:78,0
DA:79,0
DA:80,0
DA:81,0
DA:84,0
DA:85,0
DA:86,0
DA:90,0
DA:91,0
DA:92,0
DA:95,0
DA:97,0
DA:98,0
DA:103,0
DA:104,0
DA:106,0
DA:107,0
DA:111,0
DA:117,0
DA:118,0
DA:120,0
DA:121,0
DA:123,0
DA:124,0
DA:126,0
DA:127,0
DA:128,0
DA:129,0
DA:130,0
DA:133,0
DA:134,0
DA:137,0
DA:138,0
DA:139,0
DA:141,0
DA:147,0
DA:148,0
DA:149,0
DA:151,0
DA:152,0
DA:153,0
DA:154,0
DA:158,0
LF:77
LH:0
BRDA:31,0,0,0
BRDA:31,0,1,0
BRDA:34,1,0,0
BRDA:34,1,1,0
BRDA:54,2,0,0
BRDA:54,2,1,0
BRDA:76,3,0,0
BRDA:76,3,1,0
BRDA:76,4,0,0
BRDA:76,4,1,0
BRDA:84,5,0,0
BRDA:84,5,1,0
BRDA:111,6,0,0
BRDA:111,6,1,0
BRDA:123,7,0,0
BRDA:123,7,1,0
BRDA:134,8,0,0
BRDA:134,8,1,0
BRDA:138,9,0,0
BRDA:138,9,1,0
BRDA:148,10,0,0
BRDA:148,10,1,0
BRF:22
BRH:0
end_of_record
